Using pre-set license
Built from '2020.2/staging' branch; Version is '2020.2.3f1 (8ff31bc5bf5b) revision 9433883'; Using compiler version '192528614'; Build Type 'Release'
OS: 'Windows Server 2016 Standard; OS build 14393.4169; Version 1607; 64bit' Language: 'ru' Physical Memory: 16218 MB
BatchMode: 1, IsHumanControllingUs: 0, StartBugReporterOnCrash: 0, Is64bit: 1, IsPro: 0

 COMMAND LINE ARGUMENTS:
C:\Program Files\Unity\Hub\Editor\2020.2.3f1\Editor\Unity.exe
-adb2
-batchMode
-noUpm
-name
AssetImportWorker0
-projectPath
D:/Gemscapes
-logFile
Logs/AssetImportWorker0.log
-srvPort
49897
Successfully changed project path to: D:/Gemscapes
D:/Gemscapes
Using Asset Import Pipeline V2.
Refreshing native plugins compatible for Editor in 24.09 ms, found 2 plugins.
Preloading 0 native plugins for Editor in 0.00 ms.
Initialize engine version: 2020.2.3f1 (8ff31bc5bf5b)
[Subsystems] Discovering subsystems at path C:/Program Files/Unity/Hub/Editor/2020.2.3f1/Editor/Data/Resources/UnitySubsystems
[Subsystems] Discovering subsystems at path D:/Gemscapes/Assets
GfxDevice: creating device client; threaded=0
Direct3D:
    Version:  Direct3D 11.0 [level 11.1]
    Renderer: Intel(R) UHD Graphics 630 (ID=0x3e92)
    Vendor:   
    VRAM:     8109 MB
    Driver:   23.20.16.4849
Initialize mono
Mono path[0] = 'C:/Program Files/Unity/Hub/Editor/2020.2.3f1/Editor/Data/Managed'
Mono path[1] = 'C:/Program Files/Unity/Hub/Editor/2020.2.3f1/Editor/Data/MonoBleedingEdge/lib/mono/unityjit'
Mono config path = 'C:/Program Files/Unity/Hub/Editor/2020.2.3f1/Editor/Data/MonoBleedingEdge/etc'
Using monoOptions --debugger-agent=transport=dt_socket,embedding=1,server=y,suspend=n,address=127.0.0.1:56112
Begin MonoManager ReloadAssembly
Registering precompiled unity dll's ...
Register platform support module: C:/Program Files/Unity/Hub/Editor/2020.2.3f1/Editor/Data/PlaybackEngines/WindowsStandaloneSupport/UnityEditor.WindowsStandalone.Extensions.dll
Registered in 0.000876 seconds.
Native extension for WindowsStandalone target not found
Refreshing native plugins compatible for Editor in 23.45 ms, found 2 plugins.
Preloading 0 native plugins for Editor in 0.00 ms.
Invoked RoslynAnalysisRunner static constructor.
RoslynAnalysisRunner will not be running.
RoslynAnalysisRunner has terminated.
Mono: successfully reloaded assembly
- Completed reload, in  1.441 seconds
Platform modules already initialized, skipping
Registering precompiled user dll's ...
Registered in 0.000765 seconds.
Begin MonoManager ReloadAssembly
Native extension for WindowsStandalone target not found
Refreshing native plugins compatible for Editor in 0.28 ms, found 2 plugins.
Preloading 0 native plugins for Editor in 0.00 ms.
Invoked RoslynAnalysisRunner static constructor.
RoslynAnalysisRunner will not be running.
RoslynAnalysisRunner has terminated.
Mono: successfully reloaded assembly
- Completed reload, in  0.700 seconds
Platform modules already initialized, skipping
========================================================================
Worker process is ready to serve import requests
Launched and connected shader compiler UnityShaderCompiler.exe after 0.02 seconds
Refreshing native plugins compatible for Editor in 0.42 ms, found 2 plugins.
Preloading 0 native plugins for Editor in 0.00 ms.
Unloading 1431 Unused Serialized files (Serialized files now loaded: 0)
System memory in use before: 68.8 MB.
System memory in use after: 68.8 MB.

Unloading 18 unused Assets to reduce memory usage. Loaded Objects now: 1882.
Total: 1.446819 ms (FindLiveObjects: 0.129604 ms CreateObjectMapping: 0.039138 ms MarkObjects: 1.222578 ms  DeleteObjects: 0.054857 ms)

========================================================================
Received Import Request.
  path: Assets/_Client/Source/Composition/Installers/BattleStartup.cs
  artifactKey: Guid(aac49ab286017f0479e5801ee3c136a4) Importer(815301076,1909f56bfc062723c751e8b465ee728b)
Start importing Assets/_Client/Source/Composition/Installers/BattleStartup.cs using Guid(aac49ab286017f0479e5801ee3c136a4) Importer(815301076,1909f56bfc062723c751e8b465ee728b)  -> (artifact id: 'cd82433ad632571b82cb2b22e57f81de') in 0.049333 seconds
  Import took 0.063988 seconds .

========================================================================
Received Import Request.
  Time since last request: 0.000233 seconds.
  path: Assets/_Client/Source/Composition/Installers/ProjectStartup.cs
  artifactKey: Guid(6db592b49fe6d49479e0a1f926974d25) Importer(815301076,1909f56bfc062723c751e8b465ee728b)
Start importing Assets/_Client/Source/Composition/Installers/ProjectStartup.cs using Guid(6db592b49fe6d49479e0a1f926974d25) Importer(815301076,1909f56bfc062723c751e8b465ee728b)  -> (artifact id: '5818f9fd4e85e998fdf88c75ba5b129b') in 0.005178 seconds
  Import took 0.006997 seconds .

========================================================================
Received Import Request.
  Time since last request: 10646.203835 seconds.
  path: Assets/_Client/Content/Prefabs/World/Resources/Piece0.prefab
  artifactKey: Guid(b44326c6dd50e16439b62d8b502b20e5) Importer(815301076,1909f56bfc062723c751e8b465ee728b)
Start importing Assets/_Client/Content/Prefabs/World/Resources/Piece0.prefab using Guid(b44326c6dd50e16439b62d8b502b20e5) Importer(815301076,1909f56bfc062723c751e8b465ee728b)  -> (artifact id: '8f3da86ec68b1e859346b9a6f25acee8') in 0.233050 seconds
  Import took 0.236381 seconds .

========================================================================
Received Prepare
Registering precompiled user dll's ...
Registered in 0.000810 seconds.
Begin MonoManager ReloadAssembly
Native extension for WindowsStandalone target not found
Refreshing native plugins compatible for Editor in 0.27 ms, found 2 plugins.
Preloading 0 native plugins for Editor in 0.00 ms.
Invoked RoslynAnalysisRunner static constructor.
RoslynAnalysisRunner will not be running.
RoslynAnalysisRunner has terminated.
Mono: successfully reloaded assembly
- Completed reload, in  0.715 seconds
Platform modules already initialized, skipping
Refreshing native plugins compatible for Editor in 0.26 ms, found 2 plugins.
Preloading 0 native plugins for Editor in 0.00 ms.
Unloading 1407 Unused Serialized files (Serialized files now loaded: 0)
System memory in use before: 70.5 MB.
System memory in use after: 70.6 MB.

Unloading 9 unused Assets to reduce memory usage. Loaded Objects now: 1894.
Total: 1.364372 ms (FindLiveObjects: 0.152381 ms CreateObjectMapping: 0.043629 ms MarkObjects: 1.152322 ms  DeleteObjects: 0.014757 ms)

========================================================================
Received Prepare
Registering precompiled user dll's ...
Registered in 0.001082 seconds.
Begin MonoManager ReloadAssembly
Native extension for WindowsStandalone target not found
Refreshing native plugins compatible for Editor in 0.31 ms, found 2 plugins.
Preloading 0 native plugins for Editor in 0.00 ms.
Invoked RoslynAnalysisRunner static constructor.
RoslynAnalysisRunner will not be running.
RoslynAnalysisRunner has terminated.
Mono: successfully reloaded assembly
- Completed reload, in  0.693 seconds
Platform modules already initialized, skipping
Refreshing native plugins compatible for Editor in 0.66 ms, found 2 plugins.
Preloading 0 native plugins for Editor in 0.00 ms.
Unloading 1407 Unused Serialized files (Serialized files now loaded: 0)
System memory in use before: 70.6 MB.
System memory in use after: 70.7 MB.

Unloading 9 unused Assets to reduce memory usage. Loaded Objects now: 1896.
Total: 1.468312 ms (FindLiveObjects: 0.167459 ms CreateObjectMapping: 0.046837 ms MarkObjects: 1.240543 ms  DeleteObjects: 0.012511 ms)

========================================================================
Received Prepare
Registering precompiled user dll's ...
Registered in 0.000857 seconds.
Begin MonoManager ReloadAssembly
Native extension for WindowsStandalone target not found
Refreshing native plugins compatible for Editor in 0.31 ms, found 2 plugins.
Preloading 0 native plugins for Editor in 0.00 ms.
Invoked RoslynAnalysisRunner static constructor.
RoslynAnalysisRunner will not be running.
RoslynAnalysisRunner has terminated.
Mono: successfully reloaded assembly
- Completed reload, in  0.694 seconds
Platform modules already initialized, skipping
Refreshing native plugins compatible for Editor in 0.59 ms, found 2 plugins.
Preloading 0 native plugins for Editor in 0.00 ms.
Unloading 1407 Unused Serialized files (Serialized files now loaded: 0)
System memory in use before: 70.6 MB.
System memory in use after: 70.7 MB.

Unloading 9 unused Assets to reduce memory usage. Loaded Objects now: 1898.
Total: 1.395811 ms (FindLiveObjects: 0.144040 ms CreateObjectMapping: 0.046837 ms MarkObjects: 1.187610 ms  DeleteObjects: 0.016040 ms)

========================================================================
Received Import Request.
  Time since last request: 10708.271802 seconds.
  path: Assets/_Client/Content/Prefabs/World/Resources/Piece0.prefab
  artifactKey: Guid(b44326c6dd50e16439b62d8b502b20e5) Importer(815301076,1909f56bfc062723c751e8b465ee728b)
Start importing Assets/_Client/Content/Prefabs/World/Resources/Piece0.prefab using Guid(b44326c6dd50e16439b62d8b502b20e5) Importer(815301076,1909f56bfc062723c751e8b465ee728b)  -> (artifact id: '2f37eda521bdbccfe606d30356819b10') in 0.092120 seconds
  Import took 0.094343 seconds .

========================================================================
Received Import Request.
  Time since last request: 0.000240 seconds.
  path: Assets/_Client/Content/Prefabs/World/Resources/Piece1.prefab
  artifactKey: Guid(0a708d5910904ff4bbd1f81fe03df3f5) Importer(815301076,1909f56bfc062723c751e8b465ee728b)
Start importing Assets/_Client/Content/Prefabs/World/Resources/Piece1.prefab using Guid(0a708d5910904ff4bbd1f81fe03df3f5) Importer(815301076,1909f56bfc062723c751e8b465ee728b)  -> (artifact id: '29aa2fe6c3691025c67f55737d858f5e') in 0.041993 seconds
  Import took 0.059820 seconds .

========================================================================
Received Prepare
Registering precompiled user dll's ...
Registered in 0.101947 seconds.
Begin MonoManager ReloadAssembly
Native extension for WindowsStandalone target not found
Refreshing native plugins compatible for Editor in 0.28 ms, found 2 plugins.
Preloading 0 native plugins for Editor in 0.00 ms.
Invoked RoslynAnalysisRunner static constructor.
RoslynAnalysisRunner will not be running.
RoslynAnalysisRunner has terminated.
Mono: successfully reloaded assembly
- Completed reload, in  2.236 seconds
Platform modules already initialized, skipping
Refreshing native plugins compatible for Editor in 0.28 ms, found 2 plugins.
Preloading 0 native plugins for Editor in 0.00 ms.
Unloading 1407 Unused Serialized files (Serialized files now loaded: 0)
System memory in use before: 70.6 MB.
System memory in use after: 70.7 MB.

Unloading 9 unused Assets to reduce memory usage. Loaded Objects now: 1901.
Total: 1.438478 ms (FindLiveObjects: 0.142757 ms CreateObjectMapping: 0.038496 ms MarkObjects: 1.243109 ms  DeleteObjects: 0.013153 ms)

========================================================================
Received Prepare
Registering precompiled user dll's ...
Registered in 0.000786 seconds.
Begin MonoManager ReloadAssembly
Native extension for WindowsStandalone target not found
Refreshing native plugins compatible for Editor in 0.28 ms, found 2 plugins.
Preloading 0 native plugins for Editor in 0.00 ms.
Invoked RoslynAnalysisRunner static constructor.
RoslynAnalysisRunner will not be running.
RoslynAnalysisRunner has terminated.
Mono: successfully reloaded assembly
- Completed reload, in  0.706 seconds
Platform modules already initialized, skipping
Refreshing native plugins compatible for Editor in 0.26 ms, found 2 plugins.
Preloading 0 native plugins for Editor in 0.00 ms.
Unloading 1407 Unused Serialized files (Serialized files now loaded: 0)
System memory in use before: 70.6 MB.
System memory in use after: 70.7 MB.

Unloading 9 unused Assets to reduce memory usage. Loaded Objects now: 1903.
Total: 1.534077 ms (FindLiveObjects: 0.133133 ms CreateObjectMapping: 0.042025 ms MarkObjects: 1.345124 ms  DeleteObjects: 0.012832 ms)

========================================================================
Received Import Request.
  Time since last request: 24156.032442 seconds.
  path: Assets/_Client/Settings/Worlds/Match/Tilemap
  artifactKey: Guid(424970284dcf8d94ca0d20e281b05dfa) Importer(815301076,1909f56bfc062723c751e8b465ee728b)
Start importing Assets/_Client/Settings/Worlds/Match/Tilemap using Guid(424970284dcf8d94ca0d20e281b05dfa) Importer(815301076,1909f56bfc062723c751e8b465ee728b)  -> (artifact id: '2f6f04c734f40b822b5d4cb350c476bd') in 0.023113 seconds
  Import took 0.025483 seconds .

========================================================================
Received Import Request.
  Time since last request: 1.133121 seconds.
  path: Assets/_Client/Settings/Worlds/Match/Tilemap/piece_book.asset
  artifactKey: Guid(ff4f99add9fb680478c3b7ec92acf17f) Importer(815301076,1909f56bfc062723c751e8b465ee728b)
Start importing Assets/_Client/Settings/Worlds/Match/Tilemap/piece_book.asset using Guid(ff4f99add9fb680478c3b7ec92acf17f) Importer(815301076,1909f56bfc062723c751e8b465ee728b)  -> (artifact id: 'f826971aa1f28031e8cd864f9596d5ed') in 0.030772 seconds
  Import took 0.048747 seconds .

========================================================================
Received Import Request.
  Time since last request: 39.917452 seconds.
  path: Assets/_Client/Settings/Worlds/Match/Tilemap/piece_carrot.asset
  artifactKey: Guid(9087651171ffd6849be08d6ec0ea5904) Importer(815301076,1909f56bfc062723c751e8b465ee728b)
Start importing Assets/_Client/Settings/Worlds/Match/Tilemap/piece_carrot.asset using Guid(9087651171ffd6849be08d6ec0ea5904) Importer(815301076,1909f56bfc062723c751e8b465ee728b)  -> (artifact id: 'ebac7f254167c2754b4d9cde8830c4e5') in 0.007440 seconds
  Import took 0.026907 seconds .

========================================================================
Received Import Request.
  Time since last request: 22.201293 seconds.
  path: Assets/_Client/Content/Prefabs/World/Resources/carrot.prefab
  artifactKey: Guid(b44326c6dd50e16439b62d8b502b20e5) Importer(815301076,1909f56bfc062723c751e8b465ee728b)
Start importing Assets/_Client/Content/Prefabs/World/Resources/carrot.prefab using Guid(b44326c6dd50e16439b62d8b502b20e5) Importer(815301076,1909f56bfc062723c751e8b465ee728b)  -> (artifact id: '47df8874de4d1f93fd1d1908a78d4640') in 0.198793 seconds
  Import took 0.225320 seconds .

========================================================================
Received Import Request.
  Time since last request: 10.558236 seconds.
  path: Assets/_Client/Content/Prefabs/World/Resources/gem.prefab
  artifactKey: Guid(b44326c6dd50e16439b62d8b502b20e5) Importer(815301076,1909f56bfc062723c751e8b465ee728b)
Start importing Assets/_Client/Content/Prefabs/World/Resources/gem.prefab using Guid(b44326c6dd50e16439b62d8b502b20e5) Importer(815301076,1909f56bfc062723c751e8b465ee728b)  -> (artifact id: 'd09a680557e7e29a976b223094ee8520') in 0.034667 seconds
  Import took 0.055072 seconds .

========================================================================
Received Import Request.
  Time since last request: 4.842250 seconds.
  path: Assets/_Client/Content/Prefabs/World/Resources/piece.prefab
  artifactKey: Guid(b44326c6dd50e16439b62d8b502b20e5) Importer(815301076,1909f56bfc062723c751e8b465ee728b)
Start importing Assets/_Client/Content/Prefabs/World/Resources/piece.prefab using Guid(b44326c6dd50e16439b62d8b502b20e5) Importer(815301076,1909f56bfc062723c751e8b465ee728b)  -> (artifact id: '9cf6a4ae0e3a37d174a57873b8d54a10') in 0.029610 seconds
  Import took 0.043722 seconds .

========================================================================
Received Import Request.
  Time since last request: 0.005139 seconds.
  path: Assets/_Client/Content/Prefabs/World/Resources/piece.prefab
  artifactKey: Guid(b44326c6dd50e16439b62d8b502b20e5) Importer(815301076,1909f56bfc062723c751e8b465ee728b)
Start importing Assets/_Client/Content/Prefabs/World/Resources/piece.prefab using Guid(b44326c6dd50e16439b62d8b502b20e5) Importer(815301076,1909f56bfc062723c751e8b465ee728b)  -> (artifact id: '9cf6a4ae0e3a37d174a57873b8d54a10') in 0.028609 seconds
  Import took 0.034446 seconds .

========================================================================
Received Import Request.
  Time since last request: 1.235405 seconds.
  path: Assets/_Client/Content/Prefabs/World/Resources/Piece1.prefab
  artifactKey: Guid(0a708d5910904ff4bbd1f81fe03df3f5) Importer(815301076,1909f56bfc062723c751e8b465ee728b)
Start importing Assets/_Client/Content/Prefabs/World/Resources/Piece1.prefab using Guid(0a708d5910904ff4bbd1f81fe03df3f5) Importer(815301076,1909f56bfc062723c751e8b465ee728b)  -> (artifact id: 'f8835f8e9d3381d6a193157060e1913e') in 0.068116 seconds
  Import took 0.070675 seconds .

========================================================================
Received Import Request.
  Time since last request: 8.833282 seconds.
  path: Assets/_Client/Content/Prefabs/World/Resources/piece_book.prefab
  artifactKey: Guid(0a708d5910904ff4bbd1f81fe03df3f5) Importer(815301076,1909f56bfc062723c751e8b465ee728b)
Start importing Assets/_Client/Content/Prefabs/World/Resources/piece_book.prefab using Guid(0a708d5910904ff4bbd1f81fe03df3f5) Importer(815301076,1909f56bfc062723c751e8b465ee728b)  -> (artifact id: '4ede6260e141785c3b83a51736d42568') in 0.025068 seconds
  Import took 0.052509 seconds .

========================================================================
Received Import Request.
  Time since last request: 2.411431 seconds.
  path: Assets/_Client/Content/Prefabs/World/Resources/piece_book 1.prefab
  artifactKey: Guid(a93cf6cdb9980054aa38c0df40797962) Importer(815301076,1909f56bfc062723c751e8b465ee728b)
Start importing Assets/_Client/Content/Prefabs/World/Resources/piece_book 1.prefab using Guid(a93cf6cdb9980054aa38c0df40797962) Importer(815301076,1909f56bfc062723c751e8b465ee728b)  -> (artifact id: 'ec8e580534f0571e5dd19f2c7b637555') in 0.028881 seconds
  Import took 0.031444 seconds .

========================================================================
Received Import Request.
  Time since last request: 3.973762 seconds.
  path: Assets/_Client/Content/Prefabs/World/Resources/piece_carrot.prefab
  artifactKey: Guid(a93cf6cdb9980054aa38c0df40797962) Importer(815301076,1909f56bfc062723c751e8b465ee728b)
Start importing Assets/_Client/Content/Prefabs/World/Resources/piece_carrot.prefab using Guid(a93cf6cdb9980054aa38c0df40797962) Importer(815301076,1909f56bfc062723c751e8b465ee728b)  -> (artifact id: 'a951821dc32c4764d786f6102afbe827') in 0.024701 seconds
  Import took 0.059528 seconds .

========================================================================
Received Import Request.
  Time since last request: 1686.100994 seconds.
  path: Assets/_Client/Settings/Worlds/Match/Tilemap/cell.asset
  artifactKey: Guid(26b8551690d63db4a889208c32fce210) Importer(815301076,1909f56bfc062723c751e8b465ee728b)
Start importing Assets/_Client/Settings/Worlds/Match/Tilemap/cell.asset using Guid(26b8551690d63db4a889208c32fce210) Importer(815301076,1909f56bfc062723c751e8b465ee728b)  -> (artifact id: '17b08ee9c7b7c0985f8f3e1509811cda') in 0.006120 seconds
  Import took 0.038555 seconds .

========================================================================
Received Prepare
Registering precompiled user dll's ...
Registered in 0.000801 seconds.
Begin MonoManager ReloadAssembly
Native extension for WindowsStandalone target not found
Refreshing native plugins compatible for Editor in 0.26 ms, found 2 plugins.
Preloading 0 native plugins for Editor in 0.00 ms.
Invoked RoslynAnalysisRunner static constructor.
RoslynAnalysisRunner will not be running.
RoslynAnalysisRunner has terminated.
Mono: successfully reloaded assembly
- Completed reload, in  0.664 seconds
Platform modules already initialized, skipping
Refreshing native plugins compatible for Editor in 0.26 ms, found 2 plugins.
Preloading 0 native plugins for Editor in 0.00 ms.
Unloading 1407 Unused Serialized files (Serialized files now loaded: 0)
System memory in use before: 70.6 MB.
System memory in use after: 70.7 MB.

Unloading 9 unused Assets to reduce memory usage. Loaded Objects now: 1906.
Total: 1.356032 ms (FindLiveObjects: 0.136662 ms CreateObjectMapping: 0.039779 ms MarkObjects: 1.164192 ms  DeleteObjects: 0.014115 ms)

========================================================================
Received Prepare
Registering precompiled user dll's ...
Registered in 0.000770 seconds.
Begin MonoManager ReloadAssembly
Native extension for WindowsStandalone target not found
Refreshing native plugins compatible for Editor in 0.26 ms, found 2 plugins.
Preloading 0 native plugins for Editor in 0.00 ms.
Invoked RoslynAnalysisRunner static constructor.
RoslynAnalysisRunner will not be running.
RoslynAnalysisRunner has terminated.
Mono: successfully reloaded assembly
- Completed reload, in  0.642 seconds
Platform modules already initialized, skipping
Refreshing native plugins compatible for Editor in 0.54 ms, found 2 plugins.
Preloading 0 native plugins for Editor in 0.00 ms.
Unloading 1407 Unused Serialized files (Serialized files now loaded: 0)
System memory in use before: 70.6 MB.
System memory in use after: 70.7 MB.

Unloading 9 unused Assets to reduce memory usage. Loaded Objects now: 1908.
Total: 1.348653 ms (FindLiveObjects: 0.129925 ms CreateObjectMapping: 0.036251 ms MarkObjects: 1.165475 ms  DeleteObjects: 0.016040 ms)

========================================================================
Received Prepare
Registering precompiled user dll's ...
Registered in 0.000785 seconds.
Begin MonoManager ReloadAssembly
Native extension for WindowsStandalone target not found
Refreshing native plugins compatible for Editor in 0.27 ms, found 2 plugins.
Preloading 0 native plugins for Editor in 0.00 ms.
Invoked RoslynAnalysisRunner static constructor.
RoslynAnalysisRunner will not be running.
RoslynAnalysisRunner has terminated.
Mono: successfully reloaded assembly
- Completed reload, in  0.661 seconds
Platform modules already initialized, skipping
Refreshing native plugins compatible for Editor in 0.64 ms, found 2 plugins.
Preloading 0 native plugins for Editor in 0.00 ms.
Unloading 1407 Unused Serialized files (Serialized files now loaded: 0)
System memory in use before: 70.6 MB.
System memory in use after: 70.8 MB.

Unloading 9 unused Assets to reduce memory usage. Loaded Objects now: 1910.
Total: 2.095802 ms (FindLiveObjects: 0.226486 ms CreateObjectMapping: 0.052932 ms MarkObjects: 1.795531 ms  DeleteObjects: 0.019890 ms)

========================================================================
Received Prepare
Registering precompiled user dll's ...
Registered in 0.000768 seconds.
Begin MonoManager ReloadAssembly
Native extension for WindowsStandalone target not found
Refreshing native plugins compatible for Editor in 0.29 ms, found 2 plugins.
Preloading 0 native plugins for Editor in 0.00 ms.
Invoked RoslynAnalysisRunner static constructor.
RoslynAnalysisRunner will not be running.
RoslynAnalysisRunner has terminated.
Mono: successfully reloaded assembly
- Completed reload, in  0.648 seconds
Platform modules already initialized, skipping
Refreshing native plugins compatible for Editor in 0.51 ms, found 2 plugins.
Preloading 0 native plugins for Editor in 0.00 ms.
Unloading 1407 Unused Serialized files (Serialized files now loaded: 0)
System memory in use before: 70.7 MB.
System memory in use after: 70.8 MB.

Unloading 9 unused Assets to reduce memory usage. Loaded Objects now: 1912.
Total: 1.423079 ms (FindLiveObjects: 0.153023 ms CreateObjectMapping: 0.044912 ms MarkObjects: 1.210387 ms  DeleteObjects: 0.013153 ms)

========================================================================
Received Prepare
Registering precompiled user dll's ...
Registered in 0.000868 seconds.
Begin MonoManager ReloadAssembly
Native extension for WindowsStandalone target not found
Refreshing native plugins compatible for Editor in 0.26 ms, found 2 plugins.
Preloading 0 native plugins for Editor in 0.00 ms.
Invoked RoslynAnalysisRunner static constructor.
RoslynAnalysisRunner will not be running.
RoslynAnalysisRunner has terminated.
Mono: successfully reloaded assembly
- Completed reload, in  0.628 seconds
Platform modules already initialized, skipping
Refreshing native plugins compatible for Editor in 0.46 ms, found 2 plugins.
Preloading 0 native plugins for Editor in 0.00 ms.
Unloading 1407 Unused Serialized files (Serialized files now loaded: 0)
System memory in use before: 70.7 MB.
System memory in use after: 70.8 MB.

Unloading 9 unused Assets to reduce memory usage. Loaded Objects now: 1914.
Total: 1.334859 ms (FindLiveObjects: 0.134416 ms CreateObjectMapping: 0.040421 ms MarkObjects: 1.147510 ms  DeleteObjects: 0.011549 ms)

========================================================================
Received Prepare
Registering precompiled user dll's ...
Registered in 0.000749 seconds.
Begin MonoManager ReloadAssembly
Native extension for WindowsStandalone target not found
Refreshing native plugins compatible for Editor in 0.34 ms, found 2 plugins.
Preloading 0 native plugins for Editor in 0.00 ms.
Invoked RoslynAnalysisRunner static constructor.
RoslynAnalysisRunner will not be running.
RoslynAnalysisRunner has terminated.
Mono: successfully reloaded assembly
- Completed reload, in  0.662 seconds
Platform modules already initialized, skipping
Refreshing native plugins compatible for Editor in 0.49 ms, found 2 plugins.
Preloading 0 native plugins for Editor in 0.00 ms.
Unloading 1407 Unused Serialized files (Serialized files now loaded: 0)
System memory in use before: 70.7 MB.
System memory in use after: 70.8 MB.

Unloading 9 unused Assets to reduce memory usage. Loaded Objects now: 1916.
Total: 1.423721 ms (FindLiveObjects: 0.136341 ms CreateObjectMapping: 0.042025 ms MarkObjects: 1.231881 ms  DeleteObjects: 0.012511 ms)

========================================================================
Received Prepare
Registering precompiled user dll's ...
Registered in 0.000782 seconds.
Begin MonoManager ReloadAssembly
Native extension for WindowsStandalone target not found
Refreshing native plugins compatible for Editor in 0.29 ms, found 2 plugins.
Preloading 0 native plugins for Editor in 0.00 ms.
Invoked RoslynAnalysisRunner static constructor.
RoslynAnalysisRunner will not be running.
RoslynAnalysisRunner has terminated.
Mono: successfully reloaded assembly
- Completed reload, in  0.633 seconds
Platform modules already initialized, skipping
Refreshing native plugins compatible for Editor in 0.30 ms, found 2 plugins.
Preloading 0 native plugins for Editor in 0.00 ms.
Unloading 1407 Unused Serialized files (Serialized files now loaded: 0)
System memory in use before: 70.7 MB.
System memory in use after: 70.8 MB.

Unloading 9 unused Assets to reduce memory usage. Loaded Objects now: 1918.
Total: 1.364372 ms (FindLiveObjects: 0.137624 ms CreateObjectMapping: 0.040421 ms MarkObjects: 1.172853 ms  DeleteObjects: 0.012832 ms)

========================================================================
Received Prepare
Registering precompiled user dll's ...
Registered in 0.000854 seconds.
Begin MonoManager ReloadAssembly
Native extension for WindowsStandalone target not found
Refreshing native plugins compatible for Editor in 0.26 ms, found 2 plugins.
Preloading 0 native plugins for Editor in 0.00 ms.
Invoked RoslynAnalysisRunner static constructor.
RoslynAnalysisRunner will not be running.
RoslynAnalysisRunner has terminated.
Mono: successfully reloaded assembly
- Completed reload, in  0.621 seconds
Platform modules already initialized, skipping
Refreshing native plugins compatible for Editor in 0.52 ms, found 2 plugins.
Preloading 0 native plugins for Editor in 0.00 ms.
Unloading 1407 Unused Serialized files (Serialized files now loaded: 0)
System memory in use before: 70.7 MB.
System memory in use after: 70.8 MB.

Unloading 9 unused Assets to reduce memory usage. Loaded Objects now: 1920.
Total: 1.408964 ms (FindLiveObjects: 0.137624 ms CreateObjectMapping: 0.040742 ms MarkObjects: 1.217124 ms  DeleteObjects: 0.011870 ms)

========================================================================
Received Prepare
Registering precompiled user dll's ...
Registered in 0.000915 seconds.
Begin MonoManager ReloadAssembly
Native extension for WindowsStandalone target not found
Refreshing native plugins compatible for Editor in 0.26 ms, found 2 plugins.
Preloading 0 native plugins for Editor in 0.00 ms.
Invoked RoslynAnalysisRunner static constructor.
RoslynAnalysisRunner will not be running.
RoslynAnalysisRunner has terminated.
Mono: successfully reloaded assembly
- Completed reload, in  0.608 seconds
Platform modules already initialized, skipping
Refreshing native plugins compatible for Editor in 0.54 ms, found 2 plugins.
Preloading 0 native plugins for Editor in 0.00 ms.
Unloading 1407 Unused Serialized files (Serialized files now loaded: 0)
System memory in use before: 70.7 MB.
System memory in use after: 70.8 MB.

Unloading 9 unused Assets to reduce memory usage. Loaded Objects now: 1922.
Total: 1.410568 ms (FindLiveObjects: 0.129283 ms CreateObjectMapping: 0.038496 ms MarkObjects: 1.230598 ms  DeleteObjects: 0.011228 ms)

========================================================================
Received Prepare
Registering precompiled user dll's ...
Registered in 0.000885 seconds.
Begin MonoManager ReloadAssembly
Native extension for WindowsStandalone target not found
Refreshing native plugins compatible for Editor in 0.27 ms, found 2 plugins.
Preloading 0 native plugins for Editor in 0.00 ms.
Invoked RoslynAnalysisRunner static constructor.
RoslynAnalysisRunner will not be running.
RoslynAnalysisRunner has terminated.
Mono: successfully reloaded assembly
- Completed reload, in  0.707 seconds
Platform modules already initialized, skipping
Refreshing native plugins compatible for Editor in 0.55 ms, found 2 plugins.
Preloading 0 native plugins for Editor in 0.00 ms.
Unloading 1407 Unused Serialized files (Serialized files now loaded: 0)
System memory in use before: 70.7 MB.
System memory in use after: 70.8 MB.

Unloading 9 unused Assets to reduce memory usage. Loaded Objects now: 1924.
Total: 1.390357 ms (FindLiveObjects: 0.137945 ms CreateObjectMapping: 0.042988 ms MarkObjects: 1.195310 ms  DeleteObjects: 0.013153 ms)

========================================================================
Received Prepare
Registering precompiled user dll's ...
Registered in 0.000791 seconds.
Begin MonoManager ReloadAssembly
Native extension for WindowsStandalone target not found
Refreshing native plugins compatible for Editor in 0.27 ms, found 2 plugins.
Preloading 0 native plugins for Editor in 0.00 ms.
Invoked RoslynAnalysisRunner static constructor.
RoslynAnalysisRunner will not be running.
RoslynAnalysisRunner has terminated.
Mono: successfully reloaded assembly
- Completed reload, in  0.629 seconds
Platform modules already initialized, skipping
Refreshing native plugins compatible for Editor in 0.54 ms, found 2 plugins.
Preloading 0 native plugins for Editor in 0.00 ms.
Unloading 1407 Unused Serialized files (Serialized files now loaded: 0)
System memory in use before: 70.7 MB.
System memory in use after: 70.8 MB.

Unloading 9 unused Assets to reduce memory usage. Loaded Objects now: 1926.
Total: 1.443290 ms (FindLiveObjects: 0.167138 ms CreateObjectMapping: 0.046837 ms MarkObjects: 1.216483 ms  DeleteObjects: 0.011870 ms)

========================================================================
Received Prepare
Registering precompiled user dll's ...
Registered in 0.000820 seconds.
Begin MonoManager ReloadAssembly
Native extension for WindowsStandalone target not found
Refreshing native plugins compatible for Editor in 0.29 ms, found 2 plugins.
Preloading 0 native plugins for Editor in 0.00 ms.
Invoked RoslynAnalysisRunner static constructor.
RoslynAnalysisRunner will not be running.
RoslynAnalysisRunner has terminated.
Mono: successfully reloaded assembly
- Completed reload, in  0.619 seconds
Platform modules already initialized, skipping
Refreshing native plugins compatible for Editor in 0.55 ms, found 2 plugins.
Preloading 0 native plugins for Editor in 0.00 ms.
Unloading 1407 Unused Serialized files (Serialized files now loaded: 0)
System memory in use before: 70.7 MB.
System memory in use after: 70.8 MB.

Unloading 9 unused Assets to reduce memory usage. Loaded Objects now: 1928.
Total: 1.465425 ms (FindLiveObjects: 0.140832 ms CreateObjectMapping: 0.042346 ms MarkObjects: 1.267490 ms  DeleteObjects: 0.014115 ms)

========================================================================
Received Prepare
Registering precompiled user dll's ...
Registered in 0.000841 seconds.
Begin MonoManager ReloadAssembly
Native extension for WindowsStandalone target not found
Refreshing native plugins compatible for Editor in 0.26 ms, found 2 plugins.
Preloading 0 native plugins for Editor in 0.00 ms.
Invoked RoslynAnalysisRunner static constructor.
RoslynAnalysisRunner will not be running.
RoslynAnalysisRunner has terminated.
Mono: successfully reloaded assembly
- Completed reload, in  0.646 seconds
Platform modules already initialized, skipping
Refreshing native plugins compatible for Editor in 0.49 ms, found 2 plugins.
Preloading 0 native plugins for Editor in 0.00 ms.
Unloading 1407 Unused Serialized files (Serialized files now loaded: 0)
System memory in use before: 70.7 MB.
System memory in use after: 70.8 MB.

Unloading 9 unused Assets to reduce memory usage. Loaded Objects now: 1930.
Total: 1.425004 ms (FindLiveObjects: 0.143719 ms CreateObjectMapping: 0.043308 ms MarkObjects: 1.225465 ms  DeleteObjects: 0.011870 ms)

========================================================================
Received Prepare
Registering precompiled user dll's ...
Registered in 0.000756 seconds.
Begin MonoManager ReloadAssembly
Native extension for WindowsStandalone target not found
Refreshing native plugins compatible for Editor in 0.26 ms, found 2 plugins.
Preloading 0 native plugins for Editor in 0.00 ms.
Invoked RoslynAnalysisRunner static constructor.
RoslynAnalysisRunner will not be running.
RoslynAnalysisRunner has terminated.
Mono: successfully reloaded assembly
- Completed reload, in  0.619 seconds
Platform modules already initialized, skipping
Refreshing native plugins compatible for Editor in 0.55 ms, found 2 plugins.
Preloading 0 native plugins for Editor in 0.00 ms.
Unloading 1407 Unused Serialized files (Serialized files now loaded: 0)
System memory in use before: 70.7 MB.
System memory in use after: 70.8 MB.

Unloading 9 unused Assets to reduce memory usage. Loaded Objects now: 1932.
Total: 1.561987 ms (FindLiveObjects: 0.131208 ms CreateObjectMapping: 0.036571 ms MarkObjects: 1.379771 ms  DeleteObjects: 0.013474 ms)

========================================================================
Received Prepare
Registering precompiled user dll's ...
Registered in 0.000776 seconds.
Begin MonoManager ReloadAssembly
Native extension for WindowsStandalone target not found
Refreshing native plugins compatible for Editor in 0.27 ms, found 2 plugins.
Preloading 0 native plugins for Editor in 0.00 ms.
Invoked RoslynAnalysisRunner static constructor.
RoslynAnalysisRunner will not be running.
RoslynAnalysisRunner has terminated.
Mono: successfully reloaded assembly
- Completed reload, in  0.653 seconds
Platform modules already initialized, skipping
Refreshing native plugins compatible for Editor in 0.36 ms, found 2 plugins.
Preloading 0 native plugins for Editor in 0.00 ms.
Unloading 1407 Unused Serialized files (Serialized files now loaded: 0)
System memory in use before: 70.7 MB.
System memory in use after: 70.8 MB.

Unloading 9 unused Assets to reduce memory usage. Loaded Objects now: 1934.
Total: 1.518678 ms (FindLiveObjects: 0.133775 ms CreateObjectMapping: 0.036892 ms MarkObjects: 1.333255 ms  DeleteObjects: 0.013795 ms)

========================================================================
Received Prepare
Registering precompiled user dll's ...
Registered in 0.001449 seconds.
Begin MonoManager ReloadAssembly
Native extension for WindowsStandalone target not found
Refreshing native plugins compatible for Editor in 0.26 ms, found 2 plugins.
Preloading 0 native plugins for Editor in 0.00 ms.
Invoked RoslynAnalysisRunner static constructor.
RoslynAnalysisRunner will not be running.
RoslynAnalysisRunner has terminated.
Mono: successfully reloaded assembly
- Completed reload, in  0.640 seconds
Platform modules already initialized, skipping
Refreshing native plugins compatible for Editor in 0.57 ms, found 2 plugins.
Preloading 0 native plugins for Editor in 0.00 ms.
Unloading 1407 Unused Serialized files (Serialized files now loaded: 0)
System memory in use before: 70.7 MB.
System memory in use after: 70.8 MB.

Unloading 9 unused Assets to reduce memory usage. Loaded Objects now: 1936.
Total: 1.934117 ms (FindLiveObjects: 0.181253 ms CreateObjectMapping: 0.051970 ms MarkObjects: 1.683250 ms  DeleteObjects: 0.015719 ms)

========================================================================
Received Import Request.
  Time since last request: 3158.270844 seconds.
  path: Assets/_Client/Settings/Worlds/Match/Tilemap/_degub_brush.asset
  artifactKey: Guid(ef30b087077a5bb4e8029d7d6fd495a5) Importer(815301076,1909f56bfc062723c751e8b465ee728b)
Start importing Assets/_Client/Settings/Worlds/Match/Tilemap/_degub_brush.asset using Guid(ef30b087077a5bb4e8029d7d6fd495a5) Importer(815301076,1909f56bfc062723c751e8b465ee728b)  -> (artifact id: '55fa9461e3b8be288ff33f7475d4362f') in 0.037900 seconds
  Import took 0.073566 seconds .

========================================================================
Received Prepare
Registering precompiled user dll's ...
Registered in 0.000980 seconds.
Begin MonoManager ReloadAssembly
Native extension for WindowsStandalone target not found
Refreshing native plugins compatible for Editor in 0.26 ms, found 2 plugins.
Preloading 0 native plugins for Editor in 0.00 ms.
Invoked RoslynAnalysisRunner static constructor.
RoslynAnalysisRunner will not be running.
RoslynAnalysisRunner has terminated.
Mono: successfully reloaded assembly
- Completed reload, in  0.637 seconds
Platform modules already initialized, skipping
Refreshing native plugins compatible for Editor in 0.32 ms, found 2 plugins.
Preloading 0 native plugins for Editor in 0.00 ms.
Unloading 1407 Unused Serialized files (Serialized files now loaded: 0)
System memory in use before: 70.8 MB.
System memory in use after: 70.9 MB.

Unloading 9 unused Assets to reduce memory usage. Loaded Objects now: 1941.
Total: 1.435911 ms (FindLiveObjects: 0.146286 ms CreateObjectMapping: 0.045554 ms MarkObjects: 1.229315 ms  DeleteObjects: 0.013795 ms)

========================================================================
Received Prepare
Registering precompiled user dll's ...
Registered in 0.001006 seconds.
Begin MonoManager ReloadAssembly
Native extension for WindowsStandalone target not found
Refreshing native plugins compatible for Editor in 0.26 ms, found 2 plugins.
Preloading 0 native plugins for Editor in 0.00 ms.
Invoked RoslynAnalysisRunner static constructor.
RoslynAnalysisRunner will not be running.
RoslynAnalysisRunner has terminated.
Mono: successfully reloaded assembly
- Completed reload, in  0.669 seconds
Platform modules already initialized, skipping
Refreshing native plugins compatible for Editor in 0.48 ms, found 2 plugins.
Preloading 0 native plugins for Editor in 0.00 ms.
Unloading 1407 Unused Serialized files (Serialized files now loaded: 0)
System memory in use before: 70.8 MB.
System memory in use after: 70.9 MB.

Unloading 9 unused Assets to reduce memory usage. Loaded Objects now: 1943.
Total: 1.451310 ms (FindLiveObjects: 0.148852 ms CreateObjectMapping: 0.042988 ms MarkObjects: 1.246959 ms  DeleteObjects: 0.012190 ms)

========================================================================
Received Prepare
Registering precompiled user dll's ...
Registered in 0.000806 seconds.
Begin MonoManager ReloadAssembly
Native extension for WindowsStandalone target not found
Refreshing native plugins compatible for Editor in 0.26 ms, found 2 plugins.
Preloading 0 native plugins for Editor in 0.00 ms.
Invoked RoslynAnalysisRunner static constructor.
RoslynAnalysisRunner will not be running.
RoslynAnalysisRunner has terminated.
Mono: successfully reloaded assembly
- Completed reload, in  0.647 seconds
Platform modules already initialized, skipping
Refreshing native plugins compatible for Editor in 0.55 ms, found 2 plugins.
Preloading 0 native plugins for Editor in 0.00 ms.
Unloading 1407 Unused Serialized files (Serialized files now loaded: 0)
System memory in use before: 70.8 MB.
System memory in use after: 70.9 MB.

Unloading 9 unused Assets to reduce memory usage. Loaded Objects now: 1945.
Total: 1.369184 ms (FindLiveObjects: 0.141474 ms CreateObjectMapping: 0.040100 ms MarkObjects: 1.174778 ms  DeleteObjects: 0.011870 ms)

========================================================================
Received Prepare
Registering precompiled user dll's ...
Registered in 0.002328 seconds.
Begin MonoManager ReloadAssembly
Native extension for WindowsStandalone target not found
Refreshing native plugins compatible for Editor in 0.28 ms, found 2 plugins.
Preloading 0 native plugins for Editor in 0.00 ms.
Invoked RoslynAnalysisRunner static constructor.
RoslynAnalysisRunner will not be running.
RoslynAnalysisRunner has terminated.
Mono: successfully reloaded assembly
- Completed reload, in  0.692 seconds
Platform modules already initialized, skipping
Refreshing native plugins compatible for Editor in 0.58 ms, found 2 plugins.
Preloading 0 native plugins for Editor in 0.00 ms.
Unloading 1407 Unused Serialized files (Serialized files now loaded: 0)
System memory in use before: 70.8 MB.
System memory in use after: 70.9 MB.

Unloading 9 unused Assets to reduce memory usage. Loaded Objects now: 1947.
Total: 1.596313 ms (FindLiveObjects: 0.253755 ms CreateObjectMapping: 0.076030 ms MarkObjects: 1.248884 ms  DeleteObjects: 0.016361 ms)

========================================================================
Received Prepare
Registering precompiled user dll's ...
Registered in 0.000842 seconds.
Begin MonoManager ReloadAssembly
Native extension for WindowsStandalone target not found
Refreshing native plugins compatible for Editor in 0.39 ms, found 2 plugins.
Preloading 0 native plugins for Editor in 0.00 ms.
Invoked RoslynAnalysisRunner static constructor.
RoslynAnalysisRunner will not be running.
RoslynAnalysisRunner has terminated.
Mono: successfully reloaded assembly
- Completed reload, in  1.728 seconds
Platform modules already initialized, skipping
Refreshing native plugins compatible for Editor in 0.36 ms, found 2 plugins.
Preloading 0 native plugins for Editor in 0.00 ms.
Unloading 1407 Unused Serialized files (Serialized files now loaded: 0)
System memory in use before: 70.8 MB.
System memory in use after: 70.9 MB.

Unloading 9 unused Assets to reduce memory usage. Loaded Objects now: 1949.
Total: 1.884072 ms (FindLiveObjects: 0.168421 ms CreateObjectMapping: 0.059348 ms MarkObjects: 1.638338 ms  DeleteObjects: 0.017003 ms)

========================================================================
Received Prepare
Registering precompiled user dll's ...
Registered in 0.000714 seconds.
Begin MonoManager ReloadAssembly
Native extension for WindowsStandalone target not found
Refreshing native plugins compatible for Editor in 0.28 ms, found 2 plugins.
Preloading 0 native plugins for Editor in 0.00 ms.
Invoked RoslynAnalysisRunner static constructor.
RoslynAnalysisRunner will not be running.
RoslynAnalysisRunner has terminated.
Mono: successfully reloaded assembly
- Completed reload, in  0.664 seconds
Platform modules already initialized, skipping
Refreshing native plugins compatible for Editor in 0.49 ms, found 2 plugins.
Preloading 0 native plugins for Editor in 0.00 ms.
Unloading 1407 Unused Serialized files (Serialized files now loaded: 0)
System memory in use before: 70.8 MB.
System memory in use after: 70.9 MB.

Unloading 9 unused Assets to reduce memory usage. Loaded Objects now: 1951.
Total: 1.614919 ms (FindLiveObjects: 0.145644 ms CreateObjectMapping: 0.040742 ms MarkObjects: 1.414418 ms  DeleteObjects: 0.013153 ms)

========================================================================
Received Prepare
Registering precompiled user dll's ...
Registered in 0.000841 seconds.
Begin MonoManager ReloadAssembly
Native extension for WindowsStandalone target not found
Refreshing native plugins compatible for Editor in 2.90 ms, found 2 plugins.
Preloading 0 native plugins for Editor in 0.00 ms.
Invoked RoslynAnalysisRunner static constructor.
RoslynAnalysisRunner will not be running.
RoslynAnalysisRunner has terminated.
Mono: successfully reloaded assembly
- Completed reload, in  1.867 seconds
Platform modules already initialized, skipping
Refreshing native plugins compatible for Editor in 0.48 ms, found 2 plugins.
Preloading 0 native plugins for Editor in 0.00 ms.
Unloading 1407 Unused Serialized files (Serialized files now loaded: 0)
System memory in use before: 70.8 MB.
System memory in use after: 70.9 MB.

Unloading 9 unused Assets to reduce memory usage. Loaded Objects now: 1953.
Total: 1.517716 ms (FindLiveObjects: 0.165855 ms CreateObjectMapping: 0.065444 ms MarkObjects: 1.272302 ms  DeleteObjects: 0.013153 ms)

========================================================================
Received Prepare
Registering precompiled user dll's ...
Registered in 0.000859 seconds.
Begin MonoManager ReloadAssembly
Native extension for WindowsStandalone target not found
Refreshing native plugins compatible for Editor in 0.26 ms, found 2 plugins.
Preloading 0 native plugins for Editor in 0.00 ms.
Invoked RoslynAnalysisRunner static constructor.
RoslynAnalysisRunner will not be running.
RoslynAnalysisRunner has terminated.
Mono: successfully reloaded assembly
- Completed reload, in  1.133 seconds
Platform modules already initialized, skipping
Refreshing native plugins compatible for Editor in 0.47 ms, found 2 plugins.
Preloading 0 native plugins for Editor in 0.00 ms.
Unloading 1407 Unused Serialized files (Serialized files now loaded: 0)
System memory in use before: 70.8 MB.
System memory in use after: 70.9 MB.

Unloading 9 unused Assets to reduce memory usage. Loaded Objects now: 1955.
Total: 1.427250 ms (FindLiveObjects: 0.153985 ms CreateObjectMapping: 0.043629 ms MarkObjects: 1.212312 ms  DeleteObjects: 0.016682 ms)

========================================================================
Received Prepare
Registering precompiled user dll's ...
Registered in 0.000832 seconds.
Begin MonoManager ReloadAssembly
Native extension for WindowsStandalone target not found
Refreshing native plugins compatible for Editor in 0.26 ms, found 2 plugins.
Preloading 0 native plugins for Editor in 0.00 ms.
Invoked RoslynAnalysisRunner static constructor.
RoslynAnalysisRunner will not be running.
RoslynAnalysisRunner has terminated.
Mono: successfully reloaded assembly
- Completed reload, in  1.026 seconds
Platform modules already initialized, skipping
Refreshing native plugins compatible for Editor in 0.47 ms, found 2 plugins.
Preloading 0 native plugins for Editor in 0.00 ms.
Unloading 1407 Unused Serialized files (Serialized files now loaded: 0)
System memory in use before: 70.8 MB.
System memory in use after: 70.9 MB.

Unloading 9 unused Assets to reduce memory usage. Loaded Objects now: 1957.
Total: 1.611069 ms (FindLiveObjects: 0.149815 ms CreateObjectMapping: 0.046837 ms MarkObjects: 1.400302 ms  DeleteObjects: 0.013795 ms)

========================================================================
Received Prepare
Registering precompiled user dll's ...
Registered in 0.000793 seconds.
Begin MonoManager ReloadAssembly
Native extension for WindowsStandalone target not found
Refreshing native plugins compatible for Editor in 0.27 ms, found 2 plugins.
Preloading 0 native plugins for Editor in 0.00 ms.
Invoked RoslynAnalysisRunner static constructor.
RoslynAnalysisRunner will not be running.
RoslynAnalysisRunner has terminated.
Mono: successfully reloaded assembly
- Completed reload, in  0.675 seconds
Platform modules already initialized, skipping
Refreshing native plugins compatible for Editor in 0.45 ms, found 2 plugins.
Preloading 0 native plugins for Editor in 0.00 ms.
Unloading 1407 Unused Serialized files (Serialized files now loaded: 0)
System memory in use before: 70.8 MB.
System memory in use after: 70.9 MB.

Unloading 9 unused Assets to reduce memory usage. Loaded Objects now: 1959.
Total: 1.425004 ms (FindLiveObjects: 0.144361 ms CreateObjectMapping: 0.041384 ms MarkObjects: 1.226107 ms  DeleteObjects: 0.012511 ms)

========================================================================
Received Prepare
Registering precompiled user dll's ...
Registered in 0.000849 seconds.
Begin MonoManager ReloadAssembly
Native extension for WindowsStandalone target not found
Refreshing native plugins compatible for Editor in 0.25 ms, found 2 plugins.
Preloading 0 native plugins for Editor in 0.00 ms.
Invoked RoslynAnalysisRunner static constructor.
RoslynAnalysisRunner will not be running.
RoslynAnalysisRunner has terminated.
Mono: successfully reloaded assembly
- Completed reload, in  0.894 seconds
Platform modules already initialized, skipping
Refreshing native plugins compatible for Editor in 0.86 ms, found 2 plugins.
Preloading 0 native plugins for Editor in 0.00 ms.
Unloading 1407 Unused Serialized files (Serialized files now loaded: 0)
System memory in use before: 70.8 MB.
System memory in use after: 70.9 MB.

Unloading 9 unused Assets to reduce memory usage. Loaded Objects now: 1961.
Total: 1.446498 ms (FindLiveObjects: 0.155910 ms CreateObjectMapping: 0.046516 ms MarkObjects: 1.230919 ms  DeleteObjects: 0.011870 ms)

========================================================================
Received Prepare
Registering precompiled user dll's ...
Registered in 0.000744 seconds.
Begin MonoManager ReloadAssembly
Native extension for WindowsStandalone target not found
Refreshing native plugins compatible for Editor in 0.26 ms, found 2 plugins.
Preloading 0 native plugins for Editor in 0.00 ms.
Invoked RoslynAnalysisRunner static constructor.
RoslynAnalysisRunner will not be running.
RoslynAnalysisRunner has terminated.
Mono: successfully reloaded assembly
- Completed reload, in  0.635 seconds
Platform modules already initialized, skipping
Refreshing native plugins compatible for Editor in 0.56 ms, found 2 plugins.
Preloading 0 native plugins for Editor in 0.00 ms.
Unloading 1407 Unused Serialized files (Serialized files now loaded: 0)
System memory in use before: 70.8 MB.
System memory in use after: 70.9 MB.

Unloading 9 unused Assets to reduce memory usage. Loaded Objects now: 1963.
Total: 1.415059 ms (FindLiveObjects: 0.148211 ms CreateObjectMapping: 0.043308 ms MarkObjects: 1.210387 ms  DeleteObjects: 0.012190 ms)

========================================================================
Received Prepare
Registering precompiled user dll's ...
Registered in 0.000896 seconds.
Begin MonoManager ReloadAssembly
Native extension for WindowsStandalone target not found
Refreshing native plugins compatible for Editor in 0.28 ms, found 2 plugins.
Preloading 0 native plugins for Editor in 0.00 ms.
Invoked RoslynAnalysisRunner static constructor.
RoslynAnalysisRunner will not be running.
RoslynAnalysisRunner has terminated.
Mono: successfully reloaded assembly
- Completed reload, in  0.691 seconds
Platform modules already initialized, skipping
Refreshing native plugins compatible for Editor in 0.30 ms, found 2 plugins.
Preloading 0 native plugins for Editor in 0.00 ms.
Unloading 1407 Unused Serialized files (Serialized files now loaded: 0)
System memory in use before: 70.8 MB.
System memory in use after: 70.9 MB.

Unloading 9 unused Assets to reduce memory usage. Loaded Objects now: 1965.
Total: 2.952665 ms (FindLiveObjects: 0.813234 ms CreateObjectMapping: 0.121905 ms MarkObjects: 1.993145 ms  DeleteObjects: 0.019248 ms)

========================================================================
Received Prepare
Registering precompiled user dll's ...
Registered in 0.000858 seconds.
Begin MonoManager ReloadAssembly
Native extension for WindowsStandalone target not found
Refreshing native plugins compatible for Editor in 1.26 ms, found 2 plugins.
Preloading 0 native plugins for Editor in 0.00 ms.
Invoked RoslynAnalysisRunner static constructor.
RoslynAnalysisRunner will not be running.
RoslynAnalysisRunner has terminated.
Mono: successfully reloaded assembly
- Completed reload, in  0.670 seconds
Platform modules already initialized, skipping
Refreshing native plugins compatible for Editor in 0.64 ms, found 2 plugins.
Preloading 0 native plugins for Editor in 0.00 ms.
Unloading 1407 Unused Serialized files (Serialized files now loaded: 0)
System memory in use before: 70.8 MB.
System memory in use after: 70.9 MB.

Unloading 9 unused Assets to reduce memory usage. Loaded Objects now: 1967.
Total: 1.425004 ms (FindLiveObjects: 0.147248 ms CreateObjectMapping: 0.047158 ms MarkObjects: 1.217124 ms  DeleteObjects: 0.012832 ms)

========================================================================
Received Prepare
Registering precompiled user dll's ...
Registered in 0.000781 seconds.
Begin MonoManager ReloadAssembly
Native extension for WindowsStandalone target not found
Refreshing native plugins compatible for Editor in 0.37 ms, found 2 plugins.
Preloading 0 native plugins for Editor in 0.00 ms.
Invoked RoslynAnalysisRunner static constructor.
RoslynAnalysisRunner will not be running.
RoslynAnalysisRunner has terminated.
Mono: successfully reloaded assembly
- Completed reload, in  1.897 seconds
Platform modules already initialized, skipping
Refreshing native plugins compatible for Editor in 0.44 ms, found 2 plugins.
Preloading 0 native plugins for Editor in 0.00 ms.
Unloading 1407 Unused Serialized files (Serialized files now loaded: 0)
System memory in use before: 70.8 MB.
System memory in use after: 70.9 MB.

Unloading 9 unused Assets to reduce memory usage. Loaded Objects now: 1969.
Total: 5.706753 ms (FindLiveObjects: 1.759601 ms CreateObjectMapping: 0.798477 ms MarkObjects: 3.124936 ms  DeleteObjects: 0.015078 ms)

========================================================================
Received Prepare
Registering precompiled user dll's ...
Registered in 0.000766 seconds.
Begin MonoManager ReloadAssembly
Native extension for WindowsStandalone target not found
Refreshing native plugins compatible for Editor in 0.34 ms, found 2 plugins.
Preloading 0 native plugins for Editor in 0.00 ms.
Invoked RoslynAnalysisRunner static constructor.
RoslynAnalysisRunner will not be running.
RoslynAnalysisRunner has terminated.
Mono: successfully reloaded assembly
- Completed reload, in  0.640 seconds
Platform modules already initialized, skipping
Refreshing native plugins compatible for Editor in 0.59 ms, found 2 plugins.
Preloading 0 native plugins for Editor in 0.00 ms.
Unloading 1407 Unused Serialized files (Serialized files now loaded: 0)
System memory in use before: 70.8 MB.
System memory in use after: 71.0 MB.

Unloading 9 unused Assets to reduce memory usage. Loaded Objects now: 1971.
Total: 1.414738 ms (FindLiveObjects: 0.139549 ms CreateObjectMapping: 0.040742 ms MarkObjects: 1.221295 ms  DeleteObjects: 0.012190 ms)

========================================================================
Received Prepare
Registering precompiled user dll's ...
Registered in 0.003662 seconds.
Begin MonoManager ReloadAssembly
Native extension for WindowsStandalone target not found
Refreshing native plugins compatible for Editor in 2.56 ms, found 2 plugins.
Preloading 0 native plugins for Editor in 0.00 ms.
Invoked RoslynAnalysisRunner static constructor.
RoslynAnalysisRunner will not be running.
RoslynAnalysisRunner has terminated.
Mono: successfully reloaded assembly
- Completed reload, in  1.539 seconds
Platform modules already initialized, skipping
Refreshing native plugins compatible for Editor in 0.33 ms, found 2 plugins.
Preloading 0 native plugins for Editor in 0.00 ms.
Unloading 1407 Unused Serialized files (Serialized files now loaded: 0)
System memory in use before: 70.9 MB.
System memory in use after: 71.0 MB.

Unloading 9 unused Assets to reduce memory usage. Loaded Objects now: 1973.
Total: 1.364052 ms (FindLiveObjects: 0.149815 ms CreateObjectMapping: 0.041063 ms MarkObjects: 1.159059 ms  DeleteObjects: 0.011549 ms)

========================================================================
Received Prepare
Registering precompiled user dll's ...
Registered in 0.001686 seconds.
Begin MonoManager ReloadAssembly
Native extension for WindowsStandalone target not found
Refreshing native plugins compatible for Editor in 2.52 ms, found 2 plugins.
Preloading 0 native plugins for Editor in 0.00 ms.
Invoked RoslynAnalysisRunner static constructor.
RoslynAnalysisRunner will not be running.
RoslynAnalysisRunner has terminated.
Mono: successfully reloaded assembly
- Completed reload, in  1.684 seconds
Platform modules already initialized, skipping
Refreshing native plugins compatible for Editor in 0.33 ms, found 2 plugins.
Preloading 0 native plugins for Editor in 0.00 ms.
Unloading 1407 Unused Serialized files (Serialized files now loaded: 0)
System memory in use before: 70.9 MB.
System memory in use after: 71.0 MB.

Unloading 9 unused Assets to reduce memory usage. Loaded Objects now: 1975.
Total: 1.360523 ms (FindLiveObjects: 0.142115 ms CreateObjectMapping: 0.038817 ms MarkObjects: 1.166758 ms  DeleteObjects: 0.011549 ms)

========================================================================
Received Prepare
Registering precompiled user dll's ...
Registered in 0.000754 seconds.
Begin MonoManager ReloadAssembly
Native extension for WindowsStandalone target not found
Refreshing native plugins compatible for Editor in 0.27 ms, found 2 plugins.
Preloading 0 native plugins for Editor in 0.00 ms.
Invoked RoslynAnalysisRunner static constructor.
RoslynAnalysisRunner will not be running.
RoslynAnalysisRunner has terminated.
Mono: successfully reloaded assembly
- Completed reload, in  0.632 seconds
Platform modules already initialized, skipping
Refreshing native plugins compatible for Editor in 0.36 ms, found 2 plugins.
Preloading 0 native plugins for Editor in 0.00 ms.
Unloading 1407 Unused Serialized files (Serialized files now loaded: 0)
System memory in use before: 70.9 MB.
System memory in use after: 71.0 MB.

Unloading 9 unused Assets to reduce memory usage. Loaded Objects now: 1977.
Total: 1.417305 ms (FindLiveObjects: 0.142757 ms CreateObjectMapping: 0.043308 ms MarkObjects: 1.218728 ms  DeleteObjects: 0.011549 ms)

========================================================================
Received Prepare
Registering precompiled user dll's ...
Registered in 0.001284 seconds.
Begin MonoManager ReloadAssembly
Native extension for WindowsStandalone target not found
Refreshing native plugins compatible for Editor in 0.51 ms, found 2 plugins.
Preloading 0 native plugins for Editor in 0.00 ms.
Invoked RoslynAnalysisRunner static constructor.
RoslynAnalysisRunner will not be running.
RoslynAnalysisRunner has terminated.
Mono: successfully reloaded assembly
- Completed reload, in  1.905 seconds
Platform modules already initialized, skipping
Refreshing native plugins compatible for Editor in 2.66 ms, found 2 plugins.
Preloading 0 native plugins for Editor in 0.00 ms.
Unloading 1407 Unused Serialized files (Serialized files now loaded: 0)
System memory in use before: 70.9 MB.
System memory in use after: 71.0 MB.

Unloading 9 unused Assets to reduce memory usage. Loaded Objects now: 1979.
Total: 5.786633 ms (FindLiveObjects: 2.004373 ms CreateObjectMapping: 0.691329 ms MarkObjects: 3.059813 ms  DeleteObjects: 0.018927 ms)

========================================================================
Received Prepare
Registering precompiled user dll's ...
Registered in 0.000768 seconds.
Begin MonoManager ReloadAssembly
Native extension for WindowsStandalone target not found
Refreshing native plugins compatible for Editor in 0.27 ms, found 2 plugins.
Preloading 0 native plugins for Editor in 0.00 ms.
Invoked RoslynAnalysisRunner static constructor.
RoslynAnalysisRunner will not be running.
RoslynAnalysisRunner has terminated.
Mono: successfully reloaded assembly
- Completed reload, in  0.642 seconds
Platform modules already initialized, skipping
Refreshing native plugins compatible for Editor in 1.87 ms, found 2 plugins.
Preloading 0 native plugins for Editor in 0.00 ms.
Unloading 1407 Unused Serialized files (Serialized files now loaded: 0)
System memory in use before: 70.9 MB.
System memory in use after: 71.0 MB.

Unloading 9 unused Assets to reduce memory usage. Loaded Objects now: 1981.
Total: 1.504884 ms (FindLiveObjects: 0.183820 ms CreateObjectMapping: 0.051008 ms MarkObjects: 1.256262 ms  DeleteObjects: 0.012832 ms)

========================================================================
Received Prepare
Registering precompiled user dll's ...
Registered in 0.000771 seconds.
Begin MonoManager ReloadAssembly
Native extension for WindowsStandalone target not found
Refreshing native plugins compatible for Editor in 0.25 ms, found 2 plugins.
Preloading 0 native plugins for Editor in 0.00 ms.
Invoked RoslynAnalysisRunner static constructor.
RoslynAnalysisRunner will not be running.
RoslynAnalysisRunner has terminated.
Mono: successfully reloaded assembly
- Completed reload, in  0.633 seconds
Platform modules already initialized, skipping
Refreshing native plugins compatible for Editor in 0.61 ms, found 2 plugins.
Preloading 0 native plugins for Editor in 0.00 ms.
Unloading 1407 Unused Serialized files (Serialized files now loaded: 0)
System memory in use before: 70.9 MB.
System memory in use after: 71.0 MB.

Unloading 9 unused Assets to reduce memory usage. Loaded Objects now: 1983.
Total: 1.462859 ms (FindLiveObjects: 0.149815 ms CreateObjectMapping: 0.043308 ms MarkObjects: 1.256904 ms  DeleteObjects: 0.011549 ms)

========================================================================
Received Prepare
Registering precompiled user dll's ...
Registered in 0.001073 seconds.
Begin MonoManager ReloadAssembly
Native extension for WindowsStandalone target not found
Refreshing native plugins compatible for Editor in 0.26 ms, found 2 plugins.
Preloading 0 native plugins for Editor in 0.00 ms.
Invoked RoslynAnalysisRunner static constructor.
RoslynAnalysisRunner will not be running.
RoslynAnalysisRunner has terminated.
Mono: successfully reloaded assembly
- Completed reload, in  0.686 seconds
Platform modules already initialized, skipping
Refreshing native plugins compatible for Editor in 0.61 ms, found 2 plugins.
Preloading 0 native plugins for Editor in 0.00 ms.
Unloading 1407 Unused Serialized files (Serialized files now loaded: 0)
System memory in use before: 70.9 MB.
System memory in use after: 71.0 MB.

Unloading 9 unused Assets to reduce memory usage. Loaded Objects now: 1985.
Total: 1.461896 ms (FindLiveObjects: 0.176762 ms CreateObjectMapping: 0.049083 ms MarkObjects: 1.222257 ms  DeleteObjects: 0.013153 ms)

========================================================================
Received Prepare
Registering precompiled user dll's ...
Registered in 0.003550 seconds.
Begin MonoManager ReloadAssembly
Native extension for WindowsStandalone target not found
Refreshing native plugins compatible for Editor in 0.47 ms, found 2 plugins.
Preloading 0 native plugins for Editor in 0.00 ms.
Invoked RoslynAnalysisRunner static constructor.
RoslynAnalysisRunner will not be running.
RoslynAnalysisRunner has terminated.
Mono: successfully reloaded assembly
- Completed reload, in  2.325 seconds
Platform modules already initialized, skipping
Refreshing native plugins compatible for Editor in 0.48 ms, found 2 plugins.
Preloading 0 native plugins for Editor in 0.00 ms.
Unloading 1407 Unused Serialized files (Serialized files now loaded: 0)
System memory in use before: 70.9 MB.
System memory in use after: 71.0 MB.

Unloading 9 unused Assets to reduce memory usage. Loaded Objects now: 1987.
Total: 1.493656 ms (FindLiveObjects: 0.154948 ms CreateObjectMapping: 0.046516 ms MarkObjects: 1.280001 ms  DeleteObjects: 0.011228 ms)

========================================================================
Received Prepare
Registering precompiled user dll's ...
Registered in 0.000845 seconds.
Begin MonoManager ReloadAssembly
Native extension for WindowsStandalone target not found
Refreshing native plugins compatible for Editor in 0.26 ms, found 2 plugins.
Preloading 0 native plugins for Editor in 0.00 ms.
Invoked RoslynAnalysisRunner static constructor.
RoslynAnalysisRunner will not be running.
RoslynAnalysisRunner has terminated.
Mono: successfully reloaded assembly
- Completed reload, in  0.627 seconds
Platform modules already initialized, skipping
Refreshing native plugins compatible for Editor in 0.55 ms, found 2 plugins.
Preloading 0 native plugins for Editor in 0.00 ms.
Unloading 1407 Unused Serialized files (Serialized files now loaded: 0)
System memory in use before: 70.9 MB.
System memory in use after: 71.0 MB.

Unloading 9 unused Assets to reduce memory usage. Loaded Objects now: 1989.
Total: 1.511942 ms (FindLiveObjects: 0.142757 ms CreateObjectMapping: 0.041384 ms MarkObjects: 1.313686 ms  DeleteObjects: 0.013153 ms)

========================================================================
Received Prepare
Registering precompiled user dll's ...
Registered in 0.001172 seconds.
Begin MonoManager ReloadAssembly
Native extension for WindowsStandalone target not found
Refreshing native plugins compatible for Editor in 1.89 ms, found 2 plugins.
Preloading 0 native plugins for Editor in 0.00 ms.
Invoked RoslynAnalysisRunner static constructor.
RoslynAnalysisRunner will not be running.
RoslynAnalysisRunner has terminated.
Mono: successfully reloaded assembly
- Completed reload, in  2.057 seconds
Platform modules already initialized, skipping
Refreshing native plugins compatible for Editor in 0.60 ms, found 2 plugins.
Preloading 0 native plugins for Editor in 0.00 ms.
Unloading 1407 Unused Serialized files (Serialized files now loaded: 0)
System memory in use before: 70.9 MB.
System memory in use after: 71.0 MB.

Unloading 9 unused Assets to reduce memory usage. Loaded Objects now: 1991.
Total: 1.546267 ms (FindLiveObjects: 0.149494 ms CreateObjectMapping: 0.044592 ms MarkObjects: 1.337746 ms  DeleteObjects: 0.013474 ms)

========================================================================
Received Prepare
Registering precompiled user dll's ...
Registered in 0.000818 seconds.
Begin MonoManager ReloadAssembly
Native extension for WindowsStandalone target not found
Refreshing native plugins compatible for Editor in 0.27 ms, found 2 plugins.
Preloading 0 native plugins for Editor in 0.00 ms.
Invoked RoslynAnalysisRunner static constructor.
RoslynAnalysisRunner will not be running.
RoslynAnalysisRunner has terminated.
Mono: successfully reloaded assembly
- Completed reload, in  0.625 seconds
Platform modules already initialized, skipping
Refreshing native plugins compatible for Editor in 0.67 ms, found 2 plugins.
Preloading 0 native plugins for Editor in 0.00 ms.
Unloading 1407 Unused Serialized files (Serialized files now loaded: 0)
System memory in use before: 70.9 MB.
System memory in use after: 71.0 MB.

Unloading 9 unused Assets to reduce memory usage. Loaded Objects now: 1993.
Total: 1.433345 ms (FindLiveObjects: 0.145323 ms CreateObjectMapping: 0.042667 ms MarkObjects: 1.232202 ms  DeleteObjects: 0.012190 ms)

AssetImportWorkerClient::OnTransportError - code=2 error=End of file
