Using pre-set license
Built from '2020.2/staging' branch; Version is '2020.2.3f1 (8ff31bc5bf5b) revision 9433883'; Using compiler version '192528614'; Build Type 'Release'
OS: 'Windows Server 2016 Standard; OS build 14393.4169; Version 1607; 64bit' Language: 'ru' Physical Memory: 16218 MB
BatchMode: 1, IsHumanControllingUs: 0, StartBugReporterOnCrash: 0, Is64bit: 1, IsPro: 0

 COMMAND LINE ARGUMENTS:
C:\Program Files\Unity\Hub\Editor\2020.2.3f1\Editor\Unity.exe
-adb2
-batchMode
-noUpm
-name
AssetImportWorker2
-projectPath
D:/Gemscapes
-logFile
Logs/AssetImportWorker2.log
-srvPort
61828
Successfully changed project path to: D:/Gemscapes
D:/Gemscapes
Using Asset Import Pipeline V2.
Refreshing native plugins compatible for Editor in 22.61 ms, found 2 plugins.
Preloading 0 native plugins for Editor in 0.00 ms.
Initialize engine version: 2020.2.3f1 (8ff31bc5bf5b)
[Subsystems] Discovering subsystems at path C:/Program Files/Unity/Hub/Editor/2020.2.3f1/Editor/Data/Resources/UnitySubsystems
[Subsystems] Discovering subsystems at path D:/Gemscapes/Assets
GfxDevice: creating device client; threaded=0
Direct3D:
    Version:  Direct3D 11.0 [level 11.1]
    Renderer: Intel(R) UHD Graphics 630 (ID=0x3e92)
    Vendor:   
    VRAM:     8109 MB
    Driver:   23.20.16.4849
Initialize mono
Mono path[0] = 'C:/Program Files/Unity/Hub/Editor/2020.2.3f1/Editor/Data/Managed'
Mono path[1] = 'C:/Program Files/Unity/Hub/Editor/2020.2.3f1/Editor/Data/MonoBleedingEdge/lib/mono/unityjit'
Mono config path = 'C:/Program Files/Unity/Hub/Editor/2020.2.3f1/Editor/Data/MonoBleedingEdge/etc'
Using monoOptions --debugger-agent=transport=dt_socket,embedding=1,server=y,suspend=n,address=127.0.0.1:56232
Begin MonoManager ReloadAssembly
Registering precompiled unity dll's ...
Register platform support module: C:/Program Files/Unity/Hub/Editor/2020.2.3f1/Editor/Data/PlaybackEngines/WindowsStandaloneSupport/UnityEditor.WindowsStandalone.Extensions.dll
Registered in 0.000850 seconds.
Native extension for WindowsStandalone target not found
Refreshing native plugins compatible for Editor in 22.07 ms, found 2 plugins.
Preloading 0 native plugins for Editor in 0.00 ms.
Invoked RoslynAnalysisRunner static constructor.
RoslynAnalysisRunner will not be running.
RoslynAnalysisRunner has terminated.
Mono: successfully reloaded assembly
- Completed reload, in  4.167 seconds
Platform modules already initialized, skipping
Registering precompiled user dll's ...
Registered in 0.000470 seconds.
Begin MonoManager ReloadAssembly
Native extension for WindowsStandalone target not found
Refreshing native plugins compatible for Editor in 0.26 ms, found 2 plugins.
Preloading 0 native plugins for Editor in 0.00 ms.
Invoked RoslynAnalysisRunner static constructor.
RoslynAnalysisRunner will not be running.
RoslynAnalysisRunner has terminated.
Mono: successfully reloaded assembly
- Completed reload, in  0.672 seconds
Platform modules already initialized, skipping
========================================================================
Worker process is ready to serve import requests
Launched and connected shader compiler UnityShaderCompiler.exe after 0.02 seconds
Refreshing native plugins compatible for Editor in 0.51 ms, found 2 plugins.
Preloading 0 native plugins for Editor in 0.00 ms.
Unloading 1326 Unused Serialized files (Serialized files now loaded: 0)
System memory in use before: 65.1 MB.
System memory in use after: 65.1 MB.

Unloading 12 unused Assets to reduce memory usage. Loaded Objects now: 1769.
Total: 2.576041 ms (FindLiveObjects: 0.360582 ms CreateObjectMapping: 0.085013 ms MarkObjects: 2.045113 ms  DeleteObjects: 0.084050 ms)

========================================================================
Received Import Request.
  path: Assets/_Client/Content/Prefabs/World/Resources/Cell.prefab
  artifactKey: Guid(11ddcca77169e014a91d6b8fc5bd3044) Importer(815301076,1909f56bfc062723c751e8b465ee728b)
Start importing Assets/_Client/Content/Prefabs/World/Resources/Cell.prefab using Guid(11ddcca77169e014a91d6b8fc5bd3044) Importer(815301076,1909f56bfc062723c751e8b465ee728b)  -> (artifact id: 'ad625e846d508d9306d687275f2b1500') in 0.169004 seconds
  Import took 0.177864 seconds .

========================================================================
Received Prepare
Registering precompiled user dll's ...
Registered in 0.000566 seconds.
Begin MonoManager ReloadAssembly
Native extension for WindowsStandalone target not found
Refreshing native plugins compatible for Editor in 0.24 ms, found 2 plugins.
Preloading 0 native plugins for Editor in 0.00 ms.
Invoked RoslynAnalysisRunner static constructor.
RoslynAnalysisRunner will not be running.
RoslynAnalysisRunner has terminated.
Mono: successfully reloaded assembly
- Completed reload, in  0.593 seconds
Platform modules already initialized, skipping
Refreshing native plugins compatible for Editor in 0.50 ms, found 2 plugins.
Preloading 0 native plugins for Editor in 0.00 ms.
Unloading 1300 Unused Serialized files (Serialized files now loaded: 0)
System memory in use before: 66.8 MB.
System memory in use after: 66.9 MB.

Unloading 7 unused Assets to reduce memory usage. Loaded Objects now: 1779.
Total: 1.540812 ms (FindLiveObjects: 0.138266 ms CreateObjectMapping: 0.039138 ms MarkObjects: 1.349293 ms  DeleteObjects: 0.013153 ms)

========================================================================
Received Prepare
Registering precompiled user dll's ...
Registered in 0.003248 seconds.
Begin MonoManager ReloadAssembly
Native extension for WindowsStandalone target not found
Refreshing native plugins compatible for Editor in 0.24 ms, found 2 plugins.
Preloading 0 native plugins for Editor in 0.00 ms.
Invoked RoslynAnalysisRunner static constructor.
RoslynAnalysisRunner will not be running.
RoslynAnalysisRunner has terminated.
Mono: successfully reloaded assembly
- Completed reload, in  0.607 seconds
Platform modules already initialized, skipping
Refreshing native plugins compatible for Editor in 0.46 ms, found 2 plugins.
Preloading 0 native plugins for Editor in 0.00 ms.
Unloading 1300 Unused Serialized files (Serialized files now loaded: 0)
System memory in use before: 66.8 MB.
System memory in use after: 66.9 MB.

Unloading 7 unused Assets to reduce memory usage. Loaded Objects now: 1781.
Total: 1.269093 ms (FindLiveObjects: 0.144040 ms CreateObjectMapping: 0.039138 ms MarkObjects: 1.072762 ms  DeleteObjects: 0.011870 ms)

========================================================================
Received Prepare
Registering precompiled user dll's ...
Registered in 0.000443 seconds.
Begin MonoManager ReloadAssembly
Native extension for WindowsStandalone target not found
Refreshing native plugins compatible for Editor in 0.24 ms, found 2 plugins.
Preloading 0 native plugins for Editor in 0.00 ms.
Invoked RoslynAnalysisRunner static constructor.
RoslynAnalysisRunner will not be running.
RoslynAnalysisRunner has terminated.
Mono: successfully reloaded assembly
- Completed reload, in  0.600 seconds
Platform modules already initialized, skipping
Refreshing native plugins compatible for Editor in 0.40 ms, found 2 plugins.
Preloading 0 native plugins for Editor in 0.00 ms.
Unloading 1300 Unused Serialized files (Serialized files now loaded: 0)
System memory in use before: 66.8 MB.
System memory in use after: 66.9 MB.

Unloading 7 unused Assets to reduce memory usage. Loaded Objects now: 1783.
Total: 1.394206 ms (FindLiveObjects: 0.178366 ms CreateObjectMapping: 0.041383 ms MarkObjects: 1.161303 ms  DeleteObjects: 0.012511 ms)

========================================================================
Received Prepare
Registering precompiled user dll's ...
Registered in 0.000441 seconds.
Begin MonoManager ReloadAssembly
Native extension for WindowsStandalone target not found
Refreshing native plugins compatible for Editor in 0.24 ms, found 2 plugins.
Preloading 0 native plugins for Editor in 0.00 ms.
Invoked RoslynAnalysisRunner static constructor.
RoslynAnalysisRunner will not be running.
RoslynAnalysisRunner has terminated.
Mono: successfully reloaded assembly
- Completed reload, in  0.597 seconds
Platform modules already initialized, skipping
Refreshing native plugins compatible for Editor in 0.46 ms, found 2 plugins.
Preloading 0 native plugins for Editor in 0.00 ms.
Unloading 1300 Unused Serialized files (Serialized files now loaded: 0)
System memory in use before: 66.8 MB.
System memory in use after: 66.9 MB.

Unloading 7 unused Assets to reduce memory usage. Loaded Objects now: 1785.
Total: 1.318496 ms (FindLiveObjects: 0.139549 ms CreateObjectMapping: 0.041063 ms MarkObjects: 1.125374 ms  DeleteObjects: 0.011228 ms)

========================================================================
Received Prepare
Registering precompiled user dll's ...
Registered in 0.000522 seconds.
Begin MonoManager ReloadAssembly
Native extension for WindowsStandalone target not found
Refreshing native plugins compatible for Editor in 0.24 ms, found 2 plugins.
Preloading 0 native plugins for Editor in 0.00 ms.
Invoked RoslynAnalysisRunner static constructor.
RoslynAnalysisRunner will not be running.
RoslynAnalysisRunner has terminated.
Mono: successfully reloaded assembly
- Completed reload, in  0.598 seconds
Platform modules already initialized, skipping
Refreshing native plugins compatible for Editor in 0.70 ms, found 2 plugins.
Preloading 0 native plugins for Editor in 0.00 ms.
Unloading 1300 Unused Serialized files (Serialized files now loaded: 0)
System memory in use before: 66.8 MB.
System memory in use after: 66.9 MB.

Unloading 7 unused Assets to reduce memory usage. Loaded Objects now: 1787.
Total: 1.347689 ms (FindLiveObjects: 0.140190 ms CreateObjectMapping: 0.032401 ms MarkObjects: 1.160341 ms  DeleteObjects: 0.012511 ms)

========================================================================
Received Prepare
Registering precompiled user dll's ...
Registered in 0.000437 seconds.
Begin MonoManager ReloadAssembly
Native extension for WindowsStandalone target not found
Refreshing native plugins compatible for Editor in 1.93 ms, found 2 plugins.
Preloading 0 native plugins for Editor in 0.00 ms.
Invoked RoslynAnalysisRunner static constructor.
RoslynAnalysisRunner will not be running.
RoslynAnalysisRunner has terminated.
Mono: successfully reloaded assembly
- Completed reload, in  1.439 seconds
Platform modules already initialized, skipping
Refreshing native plugins compatible for Editor in 1.03 ms, found 2 plugins.
Preloading 0 native plugins for Editor in 0.00 ms.
Unloading 1300 Unused Serialized files (Serialized files now loaded: 0)
System memory in use before: 66.8 MB.
System memory in use after: 66.9 MB.

Unloading 7 unused Assets to reduce memory usage. Loaded Objects now: 1789.
Total: 9.337906 ms (FindLiveObjects: 1.418266 ms CreateObjectMapping: 0.701594 ms MarkObjects: 7.124051 ms  DeleteObjects: 0.085975 ms)

========================================================================
Received Prepare
Registering precompiled user dll's ...
Registered in 0.005691 seconds.
Begin MonoManager ReloadAssembly
Native extension for WindowsStandalone target not found
Refreshing native plugins compatible for Editor in 3.17 ms, found 2 plugins.
Preloading 0 native plugins for Editor in 0.00 ms.
Invoked RoslynAnalysisRunner static constructor.
RoslynAnalysisRunner will not be running.
RoslynAnalysisRunner has terminated.
Mono: successfully reloaded assembly
- Completed reload, in  2.040 seconds
Platform modules already initialized, skipping
Refreshing native plugins compatible for Editor in 0.33 ms, found 2 plugins.
Preloading 0 native plugins for Editor in 0.00 ms.
Unloading 1300 Unused Serialized files (Serialized files now loaded: 0)
System memory in use before: 66.8 MB.
System memory in use after: 66.9 MB.

Unloading 7 unused Assets to reduce memory usage. Loaded Objects now: 1791.
Total: 1.575780 ms (FindLiveObjects: 0.139549 ms CreateObjectMapping: 0.039779 ms MarkObjects: 1.383940 ms  DeleteObjects: 0.011549 ms)

========================================================================
Received Prepare
Registering precompiled user dll's ...
Registered in 0.000931 seconds.
Begin MonoManager ReloadAssembly
Native extension for WindowsStandalone target not found
Refreshing native plugins compatible for Editor in 0.27 ms, found 2 plugins.
Preloading 0 native plugins for Editor in 0.00 ms.
Invoked RoslynAnalysisRunner static constructor.
RoslynAnalysisRunner will not be running.
RoslynAnalysisRunner has terminated.
Mono: successfully reloaded assembly
- Completed reload, in  1.043 seconds
Platform modules already initialized, skipping
Refreshing native plugins compatible for Editor in 0.51 ms, found 2 plugins.
Preloading 0 native plugins for Editor in 0.00 ms.
Unloading 1300 Unused Serialized files (Serialized files now loaded: 0)
System memory in use before: 66.8 MB.
System memory in use after: 66.9 MB.

Unloading 7 unused Assets to reduce memory usage. Loaded Objects now: 1793.
Total: 1.980953 ms (FindLiveObjects: 0.314707 ms CreateObjectMapping: 0.087579 ms MarkObjects: 1.560381 ms  DeleteObjects: 0.017323 ms)

========================================================================
Received Prepare
Registering precompiled user dll's ...
Registered in 0.001044 seconds.
Begin MonoManager ReloadAssembly
Native extension for WindowsStandalone target not found
Refreshing native plugins compatible for Editor in 0.27 ms, found 2 plugins.
Preloading 0 native plugins for Editor in 0.00 ms.
Invoked RoslynAnalysisRunner static constructor.
RoslynAnalysisRunner will not be running.
RoslynAnalysisRunner has terminated.
Mono: successfully reloaded assembly
- Completed reload, in  0.964 seconds
Platform modules already initialized, skipping
Refreshing native plugins compatible for Editor in 0.46 ms, found 2 plugins.
Preloading 0 native plugins for Editor in 0.00 ms.
Unloading 1300 Unused Serialized files (Serialized files now loaded: 0)
System memory in use before: 66.8 MB.
System memory in use after: 67.0 MB.

Unloading 7 unused Assets to reduce memory usage. Loaded Objects now: 1795.
Total: 1.485955 ms (FindLiveObjects: 0.133454 ms CreateObjectMapping: 0.034326 ms MarkObjects: 1.302456 ms  DeleteObjects: 0.015078 ms)

========================================================================
Received Prepare
Registering precompiled user dll's ...
Registered in 0.000516 seconds.
Begin MonoManager ReloadAssembly
Native extension for WindowsStandalone target not found
Refreshing native plugins compatible for Editor in 0.28 ms, found 2 plugins.
Preloading 0 native plugins for Editor in 0.00 ms.
Invoked RoslynAnalysisRunner static constructor.
RoslynAnalysisRunner will not be running.
RoslynAnalysisRunner has terminated.
Mono: successfully reloaded assembly
- Completed reload, in  0.618 seconds
Platform modules already initialized, skipping
Refreshing native plugins compatible for Editor in 0.24 ms, found 2 plugins.
Preloading 0 native plugins for Editor in 0.00 ms.
Unloading 1300 Unused Serialized files (Serialized files now loaded: 0)
System memory in use before: 66.8 MB.
System memory in use after: 67.0 MB.

Unloading 7 unused Assets to reduce memory usage. Loaded Objects now: 1797.
Total: 1.354426 ms (FindLiveObjects: 0.136020 ms CreateObjectMapping: 0.039779 ms MarkObjects: 1.165795 ms  DeleteObjects: 0.012190 ms)

========================================================================
Received Prepare
Registering precompiled user dll's ...
Registered in 0.000511 seconds.
Begin MonoManager ReloadAssembly
Native extension for WindowsStandalone target not found
Refreshing native plugins compatible for Editor in 0.23 ms, found 2 plugins.
Preloading 0 native plugins for Editor in 0.00 ms.
Invoked RoslynAnalysisRunner static constructor.
RoslynAnalysisRunner will not be running.
RoslynAnalysisRunner has terminated.
Mono: successfully reloaded assembly
- Completed reload, in  0.618 seconds
Platform modules already initialized, skipping
Refreshing native plugins compatible for Editor in 0.28 ms, found 2 plugins.
Preloading 0 native plugins for Editor in 0.00 ms.
Unloading 1300 Unused Serialized files (Serialized files now loaded: 0)
System memory in use before: 66.9 MB.
System memory in use after: 67.0 MB.

Unloading 7 unused Assets to reduce memory usage. Loaded Objects now: 1799.
Total: 1.421474 ms (FindLiveObjects: 0.119980 ms CreateObjectMapping: 0.036892 ms MarkObjects: 1.250486 ms  DeleteObjects: 0.013474 ms)

========================================================================
Received Prepare
Registering precompiled user dll's ...
Registered in 0.000629 seconds.
Begin MonoManager ReloadAssembly
Native extension for WindowsStandalone target not found
Refreshing native plugins compatible for Editor in 0.24 ms, found 2 plugins.
Preloading 0 native plugins for Editor in 0.00 ms.
Invoked RoslynAnalysisRunner static constructor.
RoslynAnalysisRunner will not be running.
RoslynAnalysisRunner has terminated.
Mono: successfully reloaded assembly
- Completed reload, in  0.636 seconds
Platform modules already initialized, skipping
Refreshing native plugins compatible for Editor in 0.61 ms, found 2 plugins.
Preloading 0 native plugins for Editor in 0.00 ms.
Unloading 1300 Unused Serialized files (Serialized files now loaded: 0)
System memory in use before: 66.9 MB.
System memory in use after: 67.0 MB.

Unloading 7 unused Assets to reduce memory usage. Loaded Objects now: 1801.
Total: 1.530547 ms (FindLiveObjects: 0.154627 ms CreateObjectMapping: 0.040742 ms MarkObjects: 1.317213 ms  DeleteObjects: 0.016361 ms)

========================================================================
Received Prepare
Registering precompiled user dll's ...
Registered in 0.000527 seconds.
Begin MonoManager ReloadAssembly
Native extension for WindowsStandalone target not found
Refreshing native plugins compatible for Editor in 0.24 ms, found 2 plugins.
Preloading 0 native plugins for Editor in 0.00 ms.
Invoked RoslynAnalysisRunner static constructor.
RoslynAnalysisRunner will not be running.
RoslynAnalysisRunner has terminated.
Mono: successfully reloaded assembly
- Completed reload, in  0.602 seconds
Platform modules already initialized, skipping
Refreshing native plugins compatible for Editor in 0.42 ms, found 2 plugins.
Preloading 0 native plugins for Editor in 0.00 ms.
Unloading 1300 Unused Serialized files (Serialized files now loaded: 0)
System memory in use before: 66.9 MB.
System memory in use after: 67.0 MB.

Unloading 7 unused Assets to reduce memory usage. Loaded Objects now: 1803.
Total: 1.450346 ms (FindLiveObjects: 0.173233 ms CreateObjectMapping: 0.043308 ms MarkObjects: 1.220010 ms  DeleteObjects: 0.013474 ms)

========================================================================
Received Prepare
Registering precompiled user dll's ...
Registered in 0.000586 seconds.
Begin MonoManager ReloadAssembly
Native extension for WindowsStandalone target not found
Refreshing native plugins compatible for Editor in 2.26 ms, found 2 plugins.
Preloading 0 native plugins for Editor in 0.00 ms.
Invoked RoslynAnalysisRunner static constructor.
RoslynAnalysisRunner will not be running.
RoslynAnalysisRunner has terminated.
Mono: successfully reloaded assembly
- Completed reload, in  1.870 seconds
Platform modules already initialized, skipping
Refreshing native plugins compatible for Editor in 1.29 ms, found 2 plugins.
Preloading 0 native plugins for Editor in 0.00 ms.
Unloading 1300 Unused Serialized files (Serialized files now loaded: 0)
System memory in use before: 66.9 MB.
System memory in use after: 67.0 MB.

Unloading 7 unused Assets to reduce memory usage. Loaded Objects now: 1805.
Total: 7.774638 ms (FindLiveObjects: 1.901394 ms CreateObjectMapping: 0.760942 ms MarkObjects: 5.014136 ms  DeleteObjects: 0.086937 ms)

========================================================================
Received Prepare
Registering precompiled user dll's ...
Registered in 0.000824 seconds.
Begin MonoManager ReloadAssembly
Native extension for WindowsStandalone target not found
Refreshing native plugins compatible for Editor in 1.20 ms, found 2 plugins.
Preloading 0 native plugins for Editor in 0.00 ms.
Invoked RoslynAnalysisRunner static constructor.
RoslynAnalysisRunner will not be running.
RoslynAnalysisRunner has terminated.
Mono: successfully reloaded assembly
- Completed reload, in  2.028 seconds
Platform modules already initialized, skipping
Refreshing native plugins compatible for Editor in 0.93 ms, found 2 plugins.
Preloading 0 native plugins for Editor in 0.00 ms.
Unloading 1300 Unused Serialized files (Serialized files now loaded: 0)
System memory in use before: 66.9 MB.
System memory in use after: 67.0 MB.

Unloading 7 unused Assets to reduce memory usage. Loaded Objects now: 1807.
Total: 6.837575 ms (FindLiveObjects: 0.770567 ms CreateObjectMapping: 0.198897 ms MarkObjects: 5.706748 ms  DeleteObjects: 0.141795 ms)

========================================================================
Received Prepare
Registering precompiled user dll's ...
Registered in 0.000460 seconds.
Begin MonoManager ReloadAssembly
Native extension for WindowsStandalone target not found
Refreshing native plugins compatible for Editor in 0.45 ms, found 2 plugins.
Preloading 0 native plugins for Editor in 0.00 ms.
Invoked RoslynAnalysisRunner static constructor.
RoslynAnalysisRunner will not be running.
RoslynAnalysisRunner has terminated.
Mono: successfully reloaded assembly
- Completed reload, in  1.716 seconds
Platform modules already initialized, skipping
Refreshing native plugins compatible for Editor in 0.52 ms, found 2 plugins.
Preloading 0 native plugins for Editor in 0.00 ms.
Unloading 1300 Unused Serialized files (Serialized files now loaded: 0)
System memory in use before: 66.9 MB.
System memory in use after: 67.0 MB.

Unloading 7 unused Assets to reduce memory usage. Loaded Objects now: 1809.
Total: 2.372010 ms (FindLiveObjects: 0.253434 ms CreateObjectMapping: 0.073143 ms MarkObjects: 2.024261 ms  DeleteObjects: 0.019569 ms)

========================================================================
Received Prepare
Registering precompiled user dll's ...
Registered in 0.000475 seconds.
Begin MonoManager ReloadAssembly
Native extension for WindowsStandalone target not found
Refreshing native plugins compatible for Editor in 0.24 ms, found 2 plugins.
Preloading 0 native plugins for Editor in 0.00 ms.
Invoked RoslynAnalysisRunner static constructor.
RoslynAnalysisRunner will not be running.
RoslynAnalysisRunner has terminated.
Mono: successfully reloaded assembly
- Completed reload, in  0.608 seconds
Platform modules already initialized, skipping
Refreshing native plugins compatible for Editor in 0.56 ms, found 2 plugins.
Preloading 0 native plugins for Editor in 0.00 ms.
Unloading 1300 Unused Serialized files (Serialized files now loaded: 0)
System memory in use before: 66.9 MB.
System memory in use after: 67.0 MB.

Unloading 7 unused Assets to reduce memory usage. Loaded Objects now: 1811.
Total: 3.186206 ms (FindLiveObjects: 0.273323 ms CreateObjectMapping: 0.074747 ms MarkObjects: 2.288281 ms  DeleteObjects: 0.547930 ms)

========================================================================
Received Import Request.
  Time since last request: 9794.237087 seconds.
  path: Assets/_Client/Content/Prefabs/World/Resources/Piece.prefab
  artifactKey: Guid(b44326c6dd50e16439b62d8b502b20e5) Importer(815301076,1909f56bfc062723c751e8b465ee728b)
Start importing Assets/_Client/Content/Prefabs/World/Resources/Piece.prefab using Guid(b44326c6dd50e16439b62d8b502b20e5) Importer(815301076,1909f56bfc062723c751e8b465ee728b)  -> (artifact id: 'c287d6c1ed4705a7f19e5581e4c7c0e1') in 0.268236 seconds
  Import took 0.324055 seconds .

========================================================================
Received Prepare
Registering precompiled user dll's ...
Registered in 0.000437 seconds.
Begin MonoManager ReloadAssembly
Native extension for WindowsStandalone target not found
Refreshing native plugins compatible for Editor in 0.23 ms, found 2 plugins.
Preloading 0 native plugins for Editor in 0.00 ms.
Invoked RoslynAnalysisRunner static constructor.
RoslynAnalysisRunner will not be running.
RoslynAnalysisRunner has terminated.
Mono: successfully reloaded assembly
- Completed reload, in  0.608 seconds
Platform modules already initialized, skipping
Refreshing native plugins compatible for Editor in 0.55 ms, found 2 plugins.
Preloading 0 native plugins for Editor in 0.00 ms.
Unloading 1300 Unused Serialized files (Serialized files now loaded: 0)
System memory in use before: 66.9 MB.
System memory in use after: 67.0 MB.

Unloading 7 unused Assets to reduce memory usage. Loaded Objects now: 1814.
Total: 2.329665 ms (FindLiveObjects: 0.225845 ms CreateObjectMapping: 0.068010 ms MarkObjects: 2.013995 ms  DeleteObjects: 0.020211 ms)

========================================================================
Received Prepare
Registering precompiled user dll's ...
Registered in 0.000447 seconds.
Begin MonoManager ReloadAssembly
Native extension for WindowsStandalone target not found
Refreshing native plugins compatible for Editor in 0.23 ms, found 2 plugins.
Preloading 0 native plugins for Editor in 0.00 ms.
Invoked RoslynAnalysisRunner static constructor.
RoslynAnalysisRunner will not be running.
RoslynAnalysisRunner has terminated.
Mono: successfully reloaded assembly
- Completed reload, in  0.600 seconds
Platform modules already initialized, skipping
Refreshing native plugins compatible for Editor in 0.52 ms, found 2 plugins.
Preloading 0 native plugins for Editor in 0.00 ms.
Unloading 1300 Unused Serialized files (Serialized files now loaded: 0)
System memory in use before: 66.9 MB.
System memory in use after: 67.0 MB.

Unloading 7 unused Assets to reduce memory usage. Loaded Objects now: 1816.
Total: 1.288020 ms (FindLiveObjects: 0.134095 ms CreateObjectMapping: 0.037213 ms MarkObjects: 1.105163 ms  DeleteObjects: 0.011228 ms)

========================================================================
Received Prepare
Registering precompiled user dll's ...
Registered in 0.000990 seconds.
Begin MonoManager ReloadAssembly
Native extension for WindowsStandalone target not found
Refreshing native plugins compatible for Editor in 0.25 ms, found 2 plugins.
Preloading 0 native plugins for Editor in 0.00 ms.
Invoked RoslynAnalysisRunner static constructor.
RoslynAnalysisRunner will not be running.
RoslynAnalysisRunner has terminated.
Mono: successfully reloaded assembly
- Completed reload, in  0.596 seconds
Platform modules already initialized, skipping
Refreshing native plugins compatible for Editor in 0.47 ms, found 2 plugins.
Preloading 0 native plugins for Editor in 0.00 ms.
Unloading 1300 Unused Serialized files (Serialized files now loaded: 0)
System memory in use before: 66.9 MB.
System memory in use after: 67.0 MB.

Unloading 7 unused Assets to reduce memory usage. Loaded Objects now: 1818.
Total: 1.370787 ms (FindLiveObjects: 0.158476 ms CreateObjectMapping: 0.051008 ms MarkObjects: 1.148471 ms  DeleteObjects: 0.011870 ms)

========================================================================
Received Prepare
Registering precompiled user dll's ...
Registered in 0.001349 seconds.
Begin MonoManager ReloadAssembly
Native extension for WindowsStandalone target not found
Refreshing native plugins compatible for Editor in 0.24 ms, found 2 plugins.
Preloading 0 native plugins for Editor in 0.00 ms.
Invoked RoslynAnalysisRunner static constructor.
RoslynAnalysisRunner will not be running.
RoslynAnalysisRunner has terminated.
Mono: successfully reloaded assembly
- Completed reload, in  0.597 seconds
Platform modules already initialized, skipping
Refreshing native plugins compatible for Editor in 0.64 ms, found 2 plugins.
Preloading 0 native plugins for Editor in 0.00 ms.
Unloading 1300 Unused Serialized files (Serialized files now loaded: 0)
System memory in use before: 66.9 MB.
System memory in use after: 67.0 MB.

Unloading 7 unused Assets to reduce memory usage. Loaded Objects now: 1820.
Total: 1.655980 ms (FindLiveObjects: 0.153343 ms CreateObjectMapping: 0.042346 ms MarkObjects: 1.442968 ms  DeleteObjects: 0.015078 ms)

========================================================================
Received Prepare
Registering precompiled user dll's ...
Registered in 0.000644 seconds.
Begin MonoManager ReloadAssembly
Native extension for WindowsStandalone target not found
Refreshing native plugins compatible for Editor in 0.77 ms, found 2 plugins.
Preloading 0 native plugins for Editor in 0.00 ms.
Invoked RoslynAnalysisRunner static constructor.
RoslynAnalysisRunner will not be running.
RoslynAnalysisRunner has terminated.
Mono: successfully reloaded assembly
- Completed reload, in  1.688 seconds
Platform modules already initialized, skipping
Refreshing native plugins compatible for Editor in 4.33 ms, found 2 plugins.
Preloading 0 native plugins for Editor in 0.00 ms.
Unloading 1300 Unused Serialized files (Serialized files now loaded: 0)
System memory in use before: 66.9 MB.
System memory in use after: 67.0 MB.

Unloading 7 unused Assets to reduce memory usage. Loaded Objects now: 1822.
Total: 9.907972 ms (FindLiveObjects: 0.920702 ms CreateObjectMapping: 0.495639 ms MarkObjects: 8.407580 ms  DeleteObjects: 0.078597 ms)

========================================================================
Received Prepare
Registering precompiled user dll's ...
Registered in 0.000414 seconds.
Begin MonoManager ReloadAssembly
Native extension for WindowsStandalone target not found
Refreshing native plugins compatible for Editor in 0.65 ms, found 2 plugins.
Preloading 0 native plugins for Editor in 0.00 ms.
Invoked RoslynAnalysisRunner static constructor.
RoslynAnalysisRunner will not be running.
RoslynAnalysisRunner has terminated.
Mono: successfully reloaded assembly
- Completed reload, in  1.408 seconds
Platform modules already initialized, skipping
Refreshing native plugins compatible for Editor in 1.03 ms, found 2 plugins.
Preloading 0 native plugins for Editor in 0.00 ms.
Unloading 1300 Unused Serialized files (Serialized files now loaded: 0)
System memory in use before: 66.9 MB.
System memory in use after: 67.0 MB.

Unloading 7 unused Assets to reduce memory usage. Loaded Objects now: 1824.
Total: 9.522047 ms (FindLiveObjects: 2.067248 ms CreateObjectMapping: 1.579950 ms MarkObjects: 5.827369 ms  DeleteObjects: 0.033043 ms)

========================================================================
Received Prepare
Registering precompiled user dll's ...
Registered in 0.002495 seconds.
Begin MonoManager ReloadAssembly
Native extension for WindowsStandalone target not found
Refreshing native plugins compatible for Editor in 0.52 ms, found 2 plugins.
Preloading 0 native plugins for Editor in 0.00 ms.
Invoked RoslynAnalysisRunner static constructor.
RoslynAnalysisRunner will not be running.
RoslynAnalysisRunner has terminated.
Mono: successfully reloaded assembly
- Completed reload, in  2.019 seconds
Platform modules already initialized, skipping
Refreshing native plugins compatible for Editor in 0.90 ms, found 2 plugins.
Preloading 0 native plugins for Editor in 0.00 ms.
Unloading 1300 Unused Serialized files (Serialized files now loaded: 0)
System memory in use before: 66.9 MB.
System memory in use after: 67.0 MB.

Unloading 7 unused Assets to reduce memory usage. Loaded Objects now: 1826.
Total: 6.845274 ms (FindLiveObjects: 1.911659 ms CreateObjectMapping: 0.547288 ms MarkObjects: 4.325695 ms  DeleteObjects: 0.048441 ms)

========================================================================
Received Prepare
Registering precompiled user dll's ...
Registered in 0.000454 seconds.
Begin MonoManager ReloadAssembly
Native extension for WindowsStandalone target not found
Refreshing native plugins compatible for Editor in 0.24 ms, found 2 plugins.
Preloading 0 native plugins for Editor in 0.00 ms.
Invoked RoslynAnalysisRunner static constructor.
RoslynAnalysisRunner will not be running.
RoslynAnalysisRunner has terminated.
Mono: successfully reloaded assembly
- Completed reload, in  0.605 seconds
Platform modules already initialized, skipping
Refreshing native plugins compatible for Editor in 0.47 ms, found 2 plugins.
Preloading 0 native plugins for Editor in 0.00 ms.
Unloading 1300 Unused Serialized files (Serialized files now loaded: 0)
System memory in use before: 66.9 MB.
System memory in use after: 67.0 MB.

Unloading 7 unused Assets to reduce memory usage. Loaded Objects now: 1828.
Total: 1.389394 ms (FindLiveObjects: 0.177724 ms CreateObjectMapping: 0.044271 ms MarkObjects: 1.154887 ms  DeleteObjects: 0.011228 ms)

========================================================================
Received Prepare
Registering precompiled user dll's ...
Registered in 0.000642 seconds.
Begin MonoManager ReloadAssembly
Native extension for WindowsStandalone target not found
Refreshing native plugins compatible for Editor in 0.84 ms, found 2 plugins.
Preloading 0 native plugins for Editor in 0.00 ms.
Invoked RoslynAnalysisRunner static constructor.
RoslynAnalysisRunner will not be running.
RoslynAnalysisRunner has terminated.
Mono: successfully reloaded assembly
- Completed reload, in  1.651 seconds
Platform modules already initialized, skipping
Refreshing native plugins compatible for Editor in 2.65 ms, found 2 plugins.
Preloading 0 native plugins for Editor in 0.00 ms.
Unloading 1300 Unused Serialized files (Serialized files now loaded: 0)
System memory in use before: 66.9 MB.
System memory in use after: 67.0 MB.

Unloading 7 unused Assets to reduce memory usage. Loaded Objects now: 1830.
Total: 9.917596 ms (FindLiveObjects: 1.579629 ms CreateObjectMapping: 0.842747 ms MarkObjects: 7.436833 ms  DeleteObjects: 0.045875 ms)

========================================================================
Received Prepare
Registering precompiled user dll's ...
Registered in 0.000479 seconds.
Begin MonoManager ReloadAssembly
Native extension for WindowsStandalone target not found
Refreshing native plugins compatible for Editor in 0.32 ms, found 2 plugins.
Preloading 0 native plugins for Editor in 0.00 ms.
Invoked RoslynAnalysisRunner static constructor.
RoslynAnalysisRunner will not be running.
RoslynAnalysisRunner has terminated.
Mono: successfully reloaded assembly
- Completed reload, in  1.830 seconds
Platform modules already initialized, skipping
Refreshing native plugins compatible for Editor in 3.21 ms, found 2 plugins.
Preloading 0 native plugins for Editor in 0.00 ms.
Unloading 1300 Unused Serialized files (Serialized files now loaded: 0)
System memory in use before: 66.9 MB.
System memory in use after: 67.0 MB.

Unloading 7 unused Assets to reduce memory usage. Loaded Objects now: 1832.
Total: 9.072924 ms (FindLiveObjects: 1.715649 ms CreateObjectMapping: 0.957594 ms MarkObjects: 6.373054 ms  DeleteObjects: 0.019248 ms)

========================================================================
Received Import Request.
  Time since last request: 16717.719260 seconds.
  path: Assets/_Client/Content/Graphics/Textures/book_0.png
  artifactKey: Guid(dbd59e6a275ca6d4e990556ed540470a) Importer(815301076,1909f56bfc062723c751e8b465ee728b)
Start importing Assets/_Client/Content/Graphics/Textures/book_0.png using Guid(dbd59e6a275ca6d4e990556ed540470a) Importer(815301076,1909f56bfc062723c751e8b465ee728b)  -> (artifact id: '91fa2c3bcfd954eef5e929609f98596c') in 0.807292 seconds
  Import took 1.113531 seconds .

========================================================================
Received Import Request.
  Time since last request: 0.634067 seconds.
  path: Assets/_Client/Content/Graphics/Textures/book_0.png
  artifactKey: Guid(dbd59e6a275ca6d4e990556ed540470a) Importer(815301076,1909f56bfc062723c751e8b465ee728b)
Start importing Assets/_Client/Content/Graphics/Textures/book_0.png using Guid(dbd59e6a275ca6d4e990556ed540470a) Importer(815301076,1909f56bfc062723c751e8b465ee728b)  -> (artifact id: '91fa2c3bcfd954eef5e929609f98596c') in 0.109932 seconds
  Import took 0.122564 seconds .

========================================================================
Received Import Request.
  Time since last request: 1.032224 seconds.
  path: Assets/_Client/Content/Graphics/Textures/book_0.png
  artifactKey: Guid(dbd59e6a275ca6d4e990556ed540470a) Importer(815301076,1909f56bfc062723c751e8b465ee728b)
Start importing Assets/_Client/Content/Graphics/Textures/book_0.png using Guid(dbd59e6a275ca6d4e990556ed540470a) Importer(815301076,1909f56bfc062723c751e8b465ee728b)  -> (artifact id: '3d4df2a553c784a60fc50b7511a24fed') in 0.123954 seconds
  Import took 0.135993 seconds .

========================================================================
Received Import Request.
  Time since last request: 0.001029 seconds.
  path: Assets/_Client/Content/Graphics/Textures/book_0.png
  artifactKey: Guid(dbd59e6a275ca6d4e990556ed540470a) Importer(815301076,1909f56bfc062723c751e8b465ee728b)
Start importing Assets/_Client/Content/Graphics/Textures/book_0.png using Guid(dbd59e6a275ca6d4e990556ed540470a) Importer(815301076,1909f56bfc062723c751e8b465ee728b)  -> (artifact id: '3d4df2a553c784a60fc50b7511a24fed') in 0.015705 seconds
  Import took 0.017657 seconds .

========================================================================
Received Import Request.
  Time since last request: 7.703441 seconds.
  path: Assets/_Client/Content/Prefabs/World/Resources/Piece.prefab
  artifactKey: Guid(b44326c6dd50e16439b62d8b502b20e5) Importer(815301076,1909f56bfc062723c751e8b465ee728b)
Start importing Assets/_Client/Content/Prefabs/World/Resources/Piece.prefab using Guid(b44326c6dd50e16439b62d8b502b20e5) Importer(815301076,1909f56bfc062723c751e8b465ee728b)  -> (artifact id: 'ae6f8d7fb13bd03d39c786f4853ee9f6') in 0.213788 seconds
  Import took 0.217309 seconds .

========================================================================
Received Prepare
Registering precompiled user dll's ...
Registered in 0.132555 seconds.
Begin MonoManager ReloadAssembly
Native extension for WindowsStandalone target not found
Refreshing native plugins compatible for Editor in 2.75 ms, found 2 plugins.
Preloading 0 native plugins for Editor in 0.00 ms.
Invoked RoslynAnalysisRunner static constructor.
RoslynAnalysisRunner will not be running.
RoslynAnalysisRunner has terminated.
Mono: successfully reloaded assembly
- Completed reload, in  5.302 seconds
Platform modules already initialized, skipping
Refreshing native plugins compatible for Editor in 0.28 ms, found 2 plugins.
Preloading 0 native plugins for Editor in 0.00 ms.
Unloading 1300 Unused Serialized files (Serialized files now loaded: 0)
System memory in use before: 67.0 MB.
System memory in use after: 67.1 MB.

Unloading 7 unused Assets to reduce memory usage. Loaded Objects now: 1838.
Total: 2.518296 ms (FindLiveObjects: 0.182857 ms CreateObjectMapping: 0.053574 ms MarkObjects: 2.265183 ms  DeleteObjects: 0.016040 ms)

AssetImportWorkerClient::OnTransportError - code=2 error=End of file
